#
# There is insufficient memory for the Java Runtime Environment to continue.
# Native memory allocation (malloc) failed to allocate 69696 bytes for Chunk::new
# Possible reasons:
#   The system is out of physical RAM or swap space
#   In 32 bit mode, the process size limit was hit
# Possible solutions:
#   Reduce memory load on the system
#   Increase physical memory or swap space
#   Check if swap backing store is full
#   Use 64 bit Java on a 64 bit OS
#   Decrease Java heap size (-Xmx/-Xms)
#   Decrease number of Java threads
#   Decrease Java thread stack sizes (-Xss)
#   Set larger code cache with -XX:ReservedCodeCacheSize=
# This output file may be truncated or incomplete.
#
#  Out of Memory Error (allocation.cpp:390), pid=17796, tid=0x0000000000000c44
#
# JRE version: OpenJDK Runtime Environment (8.0_152-b01) (build 1.8.0_152-release-1343-b01)
# Java VM: OpenJDK 64-Bit Server VM (25.152-b01 mixed mode windows-amd64 compressed oops)
# Failed to write core dump. Minidumps are not enabled by default on client versions of Windows
#

---------------  T H R E A D  ---------------

Current thread (0x0000000016b0b000):  JavaThread "C2 CompilerThread1" daemon [_thread_in_native, id=3140, stack(0x0000000018520000,0x0000000018620000)]

Stack: [0x0000000018520000,0x0000000018620000]
[error occurred during error reporting (printing stack bounds), id 0xc0000005]

Native frames: (J=compiled Java code, j=interpreted, Vv=VM code, C=native code)


Current CompileTask:
C2:  24458 4401       4       java.util.regex.Matcher::replaceAll (59 bytes)


---------------  P R O C E S S  ---------------

Java Threads: ( => current thread )
  0x000000001ba84800 JavaThread "Cache worker for Build Output Cleanup Cache (C:\Users\Halid\Project\DigitalMenu\.gradle\buildOutputCleanup)" [_thread_blocked, id=21740, stack(0x00000000213d0000,0x00000000214d0000)]
  0x000000001ba87800 JavaThread "Build operations Thread 4" [_thread_blocked, id=18408, stack(0x0000000020cd0000,0x0000000020dd0000)]
  0x000000001ba87000 JavaThread "Build operations Thread 3" [_thread_blocked, id=21556, stack(0x0000000020bd0000,0x0000000020cd0000)]
  0x000000001ba8a800 JavaThread "Build operations Thread 2" [_thread_blocked, id=20156, stack(0x0000000020ad0000,0x0000000020bd0000)]
  0x000000001ba8a000 JavaThread "Build operations" [_thread_blocked, id=21644, stack(0x00000000209d0000,0x0000000020ad0000)]
  0x000000001ba89000 JavaThread "Cache worker for execution history cache (C:\Users\Halid\.gradle\caches\5.1.1\executionHistory)" [_thread_blocked, id=1832, stack(0x000000001f700000,0x000000001f800000)]
  0x000000001ba86000 JavaThread "Cache worker for cache directory md-rule (C:\Users\Halid\.gradle\caches\5.1.1\md-rule)" [_thread_blocked, id=18116, stack(0x000000001f400000,0x000000001f500000)]
  0x0000000019918000 JavaThread "Cache worker for cache directory md-supplier (C:\Users\Halid\.gradle\caches\5.1.1\md-supplier)" [_thread_blocked, id=6956, stack(0x000000001f1b0000,0x000000001f2b0000)]
  0x000000001991a000 JavaThread "Cache worker for file hash cache (C:\Users\Halid\Project\DigitalMenu\.gradle\5.1.1\fileHashes)" [_thread_blocked, id=17348, stack(0x000000001d340000,0x000000001d440000)]
  0x0000000019918800 JavaThread "Cache worker for journal cache (C:\Users\Halid\.gradle\caches\journal-1)" [_thread_blocked, id=2604, stack(0x000000001b0a0000,0x000000001b1a0000)]
  0x0000000019a22800 JavaThread "File lock request listener" [_thread_in_native, id=2312, stack(0x000000001afa0000,0x000000001b0a0000)]
  0x0000000019a20000 JavaThread "Cache worker for file hash cache (C:\Users\Halid\.gradle\caches\5.1.1\fileHashes)" [_thread_blocked, id=1788, stack(0x000000001aea0000,0x000000001afa0000)]
  0x00000000198ca800 JavaThread "Thread-8" [_thread_blocked, id=20976, stack(0x000000001ada0000,0x000000001aea0000)]
  0x00000000198ca000 JavaThread "Stdin handler" [_thread_blocked, id=9456, stack(0x000000001aca0000,0x000000001ada0000)]
  0x00000000198c4800 JavaThread "Asynchronous log dispatcher for DefaultDaemonConnection: socket connection from /127.0.0.1:52058 to /127.0.0.1:52059" [_thread_blocked, id=20340, stack(0x000000001aba0000,0x000000001aca0000)]
  0x0000000019c27800 JavaThread "Daemon worker" [_thread_in_native, id=11292, stack(0x000000001aaa0000,0x000000001aba0000)]
  0x0000000019c12800 JavaThread "Cancel handler" [_thread_blocked, id=8856, stack(0x000000001a9a0000,0x000000001aaa0000)]
  0x0000000019c31000 JavaThread "Handler for socket connection from /127.0.0.1:52058 to /127.0.0.1:52059" [_thread_in_native, id=3620, stack(0x000000001a6a0000,0x000000001a7a0000)]
  0x0000000019c2c800 JavaThread "Daemon" [_thread_blocked, id=1640, stack(0x000000001a5a0000,0x000000001a6a0000)]
  0x0000000019be9800 JavaThread "Daemon periodic checks" [_thread_blocked, id=18536, stack(0x000000001a4a0000,0x000000001a5a0000)]
  0x0000000019b9c000 JavaThread "Incoming local TCP Connector on port 52058" [_thread_in_native, id=16424, stack(0x000000001a2f0000,0x000000001a3f0000)]
  0x0000000017e9a800 JavaThread "Service Thread" daemon [_thread_blocked, id=16432, stack(0x0000000018720000,0x0000000018820000)]
  0x0000000017e2e000 JavaThread "C1 CompilerThread2" daemon [_thread_blocked, id=7356, stack(0x0000000018620000,0x0000000018720000)]
=>0x0000000016b0b000 JavaThread "C2 CompilerThread1" daemon [_thread_in_native, id=3140, stack(0x0000000018520000,0x0000000018620000)]
  0x0000000016b08800 JavaThread "C2 CompilerThread0" daemon [_thread_blocked, id=6492, stack(0x0000000018420000,0x0000000018520000)]
  0x0000000017e28800 JavaThread "Attach Listener" daemon [_thread_blocked, id=4492, stack(0x0000000018320000,0x0000000018420000)]
  0x0000000016aa6800 JavaThread "Signal Dispatcher" daemon [_thread_blocked, id=8004, stack(0x0000000018220000,0x0000000018320000)]
  0x000000000313b800 JavaThread "Finalizer" daemon [_thread_blocked, id=15484, stack(0x0000000017d20000,0x0000000017e20000)]
  0x0000000003130800 JavaThread "Reference Handler" daemon [_thread_blocked, id=14672, stack(0x0000000017c20000,0x0000000017d20000)]
  0x000000000142d800 JavaThread "main" [_thread_blocked, id=14268, stack(0x0000000002f40000,0x0000000003040000)]

Other Threads:
  0x0000000016a77000 VMThread [stack: 0x0000000017b20000,0x0000000017c20000] [id=6204]
  0x0000000017e9b800 WatcherThread [stack: 0x0000000018820000,0x0000000018920000] [id=5932]

VM state:not at safepoint (normal execution)

VM Mutex/Monitor currently owned by a thread: None

Heap:
 PSYoungGen      total 226304K, used 170541K [0x00000000e0000000, 0x00000000eed80000, 0x0000000100000000)
  eden space 213504K, 79% used [0x00000000e0000000,0x00000000ea68b490,0x00000000ed080000)
  from space 12800K, 0% used [0x00000000ee100000,0x00000000ee100000,0x00000000eed80000)
  to   space 14848K, 0% used [0x00000000ed080000,0x00000000ed080000,0x00000000edf00000)
 ParOldGen       total 64000K, used 18386K [0x00000000a0000000, 0x00000000a3e80000, 0x00000000e0000000)
  object space 64000K, 28% used [0x00000000a0000000,0x00000000a11f4940,0x00000000a3e80000)
 Metaspace       used 50437K, capacity 51524K, committed 51712K, reserved 1093632K
  class space    used 6773K, capacity 7054K, committed 7168K, reserved 1048576K

Card table byte_map: [0x0000000012500000,0x0000000012810000] byte_map_base: 0x0000000012000000

Marking Bits: (ParMarkBitMap*) 0x00000000553f5aa0
 Begin Bits: [0x0000000012e10000, 0x0000000014610000)
 End Bits:   [0x0000000014610000, 0x0000000015e10000)

Polling page: 0x0000000000bf0000

CodeCache: size=245760Kb used=14369Kb max_used=14369Kb free=231390Kb
 bounds [0x0000000003140000, 0x0000000003f60000, 0x0000000012140000]
 total_blobs=4861 nmethods=4086 adapters=689
 compilation: enabled

Compilation events (10 events):
Event: 24.411 Thread 0x0000000017e2e000 4400       1       sun.nio.ch.Util::access$000 (4 bytes)
Event: 24.411 Thread 0x0000000017e2e000 nmethod 4400 0x0000000003f43a50 code [0x0000000003f43ba0, 0x0000000003f43c90]
Event: 24.414 Thread 0x0000000016b08800 nmethod 4399 0x0000000003f47250 code [0x0000000003f47380, 0x0000000003f47518]
Event: 24.414 Thread 0x0000000016b0b000 4401       4       java.util.regex.Matcher::replaceAll (59 bytes)
Event: 24.418 Thread 0x0000000017e2e000 4402       3       java.util.regex.Pattern::group0 (994 bytes)
Event: 24.428 Thread 0x0000000017e2e000 nmethod 4402 0x0000000003f4d050 code [0x0000000003f4d820, 0x0000000003f526b8]
Event: 24.428 Thread 0x0000000017e2e000 4403       3       com.sun.org.apache.xerces.internal.util.AugmentationsImpl::removeAllItems (8 bytes)
Event: 24.428 Thread 0x0000000017e2e000 nmethod 4403 0x0000000003f46dd0 code [0x0000000003f46f40, 0x0000000003f47168]
Event: 24.428 Thread 0x0000000017e2e000 4404       1       com.sun.xml.bind.v2.runtime.unmarshaller.UnmarshallingContext::getCurrentState (5 bytes)
Event: 24.428 Thread 0x0000000017e2e000 nmethod 4404 0x0000000003f4a090 code [0x0000000003f4a1e0, 0x0000000003f4a2f0]

GC Heap History (10 events):
Event: 8.391 GC heap before
{Heap before GC invocations=6 (full 0):
 PSYoungGen      total 61952K, used 5690K [0x00000000e0000000, 0x00000000e8800000, 0x0000000100000000)
  eden space 57344K, 1% used [0x00000000e0000000,0x00000000e01148f0,0x00000000e3800000)
  from space 4608K, 99% used [0x00000000e3800000,0x00000000e3c7a050,0x00000000e3c80000)
  to   space 12288K, 0% used [0x00000000e7c00000,0x00000000e7c00000,0x00000000e8800000)
 ParOldGen       total 76800K, used 11836K [0x00000000a0000000, 0x00000000a4b00000, 0x00000000e0000000)
  object space 76800K, 15% used [0x00000000a0000000,0x00000000a0b8f3c0,0x00000000a4b00000)
 Metaspace       used 20603K, capacity 21130K, committed 21296K, reserved 1067008K
  class space    used 2890K, capacity 3091K, committed 3200K, reserved 1048576K
Event: 8.404 GC heap after
Heap after GC invocations=6 (full 0):
 PSYoungGen      total 125952K, used 4764K [0x00000000e0000000, 0x00000000e8700000, 0x0000000100000000)
  eden space 114688K, 0% used [0x00000000e0000000,0x00000000e0000000,0x00000000e7000000)
  from space 11264K, 42% used [0x00000000e7c00000,0x00000000e80a7340,0x00000000e8700000)
  to   space 11776K, 0% used [0x00000000e7000000,0x00000000e7000000,0x00000000e7b80000)
 ParOldGen       total 76800K, used 11836K [0x00000000a0000000, 0x00000000a4b00000, 0x00000000e0000000)
  object space 76800K, 15% used [0x00000000a0000000,0x00000000a0b8f3c0,0x00000000a4b00000)
 Metaspace       used 20603K, capacity 21130K, committed 21296K, reserved 1067008K
  class space    used 2890K, capacity 3091K, committed 3200K, reserved 1048576K
}
Event: 8.404 GC heap before
{Heap before GC invocations=7 (full 1):
 PSYoungGen      total 125952K, used 4764K [0x00000000e0000000, 0x00000000e8700000, 0x0000000100000000)
  eden space 114688K, 0% used [0x00000000e0000000,0x00000000e0000000,0x00000000e7000000)
  from space 11264K, 42% used [0x00000000e7c00000,0x00000000e80a7340,0x00000000e8700000)
  to   space 11776K, 0% used [0x00000000e7000000,0x00000000e7000000,0x00000000e7b80000)
 ParOldGen       total 76800K, used 11836K [0x00000000a0000000, 0x00000000a4b00000, 0x00000000e0000000)
  object space 76800K, 15% used [0x00000000a0000000,0x00000000a0b8f3c0,0x00000000a4b00000)
 Metaspace       used 20603K, capacity 21130K, committed 21296K, reserved 1067008K
  class space    used 2890K, capacity 3091K, committed 3200K, reserved 1048576K
Event: 8.495 GC heap after
Heap after GC invocations=7 (full 1):
 PSYoungGen      total 125952K, used 0K [0x00000000e0000000, 0x00000000e8700000, 0x0000000100000000)
  eden space 114688K, 0% used [0x00000000e0000000,0x00000000e0000000,0x00000000e7000000)
  from space 11264K, 0% used [0x00000000e7c00000,0x00000000e7c00000,0x00000000e8700000)
  to   space 11776K, 0% used [0x00000000e7000000,0x00000000e7000000,0x00000000e7b80000)
 ParOldGen       total 46080K, used 7484K [0x00000000a0000000, 0x00000000a2d00000, 0x00000000e0000000)
  object space 46080K, 16% used [0x00000000a0000000,0x00000000a074f2d0,0x00000000a2d00000)
 Metaspace       used 20603K, capacity 21130K, committed 21296K, reserved 1067008K
  class space    used 2890K, capacity 3091K, committed 3200K, reserved 1048576K
}
Event: 12.771 GC heap before
{Heap before GC invocations=8 (full 1):
 PSYoungGen      total 125952K, used 114688K [0x00000000e0000000, 0x00000000e8700000, 0x0000000100000000)
  eden space 114688K, 100% used [0x00000000e0000000,0x00000000e7000000,0x00000000e7000000)
  from space 11264K, 0% used [0x00000000e7c00000,0x00000000e7c00000,0x00000000e8700000)
  to   space 11776K, 0% used [0x00000000e7000000,0x00000000e7000000,0x00000000e7b80000)
 ParOldGen       total 46080K, used 7484K [0x00000000a0000000, 0x00000000a2d00000, 0x00000000e0000000)
  object space 46080K, 16% used [0x00000000a0000000,0x00000000a074f2d0,0x00000000a2d00000)
 Metaspace       used 30949K, capacity 31584K, committed 31872K, reserved 1077248K
  class space    used 4232K, capacity 4430K, committed 4480K, reserved 1048576K
Event: 12.815 GC heap after
Heap after GC invocations=8 (full 1):
 PSYoungGen      total 126464K, used 11674K [0x00000000e0000000, 0x00000000eee80000, 0x0000000100000000)
  eden space 114688K, 0% used [0x00000000e0000000,0x00000000e0000000,0x00000000e7000000)
  from space 11776K, 99% used [0x00000000e7000000,0x00000000e7b66ab0,0x00000000e7b80000)
  to   space 13824K, 0% used [0x00000000ee100000,0x00000000ee100000,0x00000000eee80000)
 ParOldGen       total 46080K, used 7492K [0x00000000a0000000, 0x00000000a2d00000, 0x00000000e0000000)
  object space 46080K, 16% used [0x00000000a0000000,0x00000000a07512d0,0x00000000a2d00000)
 Metaspace       used 30949K, capacity 31584K, committed 31872K, reserved 1077248K
  class space    used 4232K, capacity 4430K, committed 4480K, reserved 1048576K
}
Event: 16.630 GC heap before
{Heap before GC invocations=9 (full 1):
 PSYoungGen      total 126464K, used 81732K [0x00000000e0000000, 0x00000000eee80000, 0x0000000100000000)
  eden space 114688K, 61% used [0x00000000e0000000,0x00000000e446a5b8,0x00000000e7000000)
  from space 11776K, 99% used [0x00000000e7000000,0x00000000e7b66ab0,0x00000000e7b80000)
  to   space 13824K, 0% used [0x00000000ee100000,0x00000000ee100000,0x00000000eee80000)
 ParOldGen       total 46080K, used 7492K [0x00000000a0000000, 0x00000000a2d00000, 0x00000000e0000000)
  object space 46080K, 16% used [0x00000000a0000000,0x00000000a07512d0,0x00000000a2d00000)
 Metaspace       used 34656K, capacity 35390K, committed 35456K, reserved 1079296K
  class space    used 4766K, capacity 4959K, committed 4992K, reserved 1048576K
Event: 16.692 GC heap after
Heap after GC invocations=9 (full 1):
 PSYoungGen      total 226304K, used 11490K [0x00000000e0000000, 0x00000000eed80000, 0x0000000100000000)
  eden space 213504K, 0% used [0x00000000e0000000,0x00000000e0000000,0x00000000ed080000)
  from space 12800K, 89% used [0x00000000ee100000,0x00000000eec38820,0x00000000eed80000)
  to   space 14848K, 0% used [0x00000000ed080000,0x00000000ed080000,0x00000000edf00000)
 ParOldGen       total 46080K, used 7500K [0x00000000a0000000, 0x00000000a2d00000, 0x00000000e0000000)
  object space 46080K, 16% used [0x00000000a0000000,0x00000000a07532d0,0x00000000a2d00000)
 Metaspace       used 34656K, capacity 35390K, committed 35456K, reserved 1079296K
  class space    used 4766K, capacity 4959K, committed 4992K, reserved 1048576K
}
Event: 16.692 GC heap before
{Heap before GC invocations=10 (full 2):
 PSYoungGen      total 226304K, used 11490K [0x00000000e0000000, 0x00000000eed80000, 0x0000000100000000)
  eden space 213504K, 0% used [0x00000000e0000000,0x00000000e0000000,0x00000000ed080000)
  from space 12800K, 89% used [0x00000000ee100000,0x00000000eec38820,0x00000000eed80000)
  to   space 14848K, 0% used [0x00000000ed080000,0x00000000ed080000,0x00000000edf00000)
 ParOldGen       total 46080K, used 7500K [0x00000000a0000000, 0x00000000a2d00000, 0x00000000e0000000)
  object space 46080K, 16% used [0x00000000a0000000,0x00000000a07532d0,0x00000000a2d00000)
 Metaspace       used 34656K, capacity 35390K, committed 35456K, reserved 1079296K
  class space    used 4766K, capacity 4959K, committed 4992K, reserved 1048576K
Event: 16.936 GC heap after
Heap after GC invocations=10 (full 2):
 PSYoungGen      total 226304K, used 0K [0x00000000e0000000, 0x00000000eed80000, 0x0000000100000000)
  eden space 213504K, 0% used [0x00000000e0000000,0x00000000e0000000,0x00000000ed080000)
  from space 12800K, 0% used [0x00000000ee100000,0x00000000ee100000,0x00000000eed80000)
  to   space 14848K, 0% used [0x00000000ed080000,0x00000000ed080000,0x00000000edf00000)
 ParOldGen       total 64000K, used 18386K [0x00000000a0000000, 0x00000000a3e80000, 0x00000000e0000000)
  object space 64000K, 28% used [0x00000000a0000000,0x00000000a11f4940,0x00000000a3e80000)
 Metaspace       used 34654K, capacity 35384K, committed 35456K, reserved 1079296K
  class space    used 4766K, capacity 4958K, committed 4992K, reserved 1048576K
}

Deoptimization events (10 events):
Event: 21.495 Thread 0x0000000019c27800 Uncommon trap: reason=bimorphic action=maybe_recompile pc=0x000000000392a3cc method=java.util.WeakHashMap.eq(Ljava/lang/Object;Ljava/lang/Object;)Z @ 7
Event: 21.532 Thread 0x0000000019c27800 Uncommon trap: reason=unstable_if action=reinterpret pc=0x0000000003d4b89c method=org.codehaus.groovy.runtime.metaclass.MetaMethodIndex.isNonRealMethod(Lgroovy/lang/MetaMethod;)Z @ 4
Event: 21.532 Thread 0x0000000019c27800 Uncommon trap: reason=unstable_if action=reinterpret pc=0x0000000003d530e8 method=org.codehaus.groovy.runtime.metaclass.MetaMethodIndex.isNonRealMethod(Lgroovy/lang/MetaMethod;)Z @ 4
Event: 21.535 Thread 0x0000000019c27800 Uncommon trap: reason=unstable_if action=reinterpret pc=0x000000000399e858 method=groovy.lang.MetaClassImpl$1MOPIter.methodNameAction(Ljava/lang/Class;Lorg/codehaus/groovy/runtime/metaclass/MetaMethodIndex$Entry;)V @ 182
Event: 21.578 Thread 0x0000000019c27800 Uncommon trap: reason=bimorphic action=maybe_recompile pc=0x000000000392a3cc method=java.util.WeakHashMap.eq(Ljava/lang/Object;Ljava/lang/Object;)Z @ 7
Event: 21.582 Thread 0x0000000019c27800 Uncommon trap: reason=unstable_if action=reinterpret pc=0x0000000003cd74e0 method=java.lang.ClassLoader.checkCerts(Ljava/lang/String;Ljava/security/CodeSource;)V @ 29
Event: 23.229 Thread 0x0000000019c27800 Uncommon trap: reason=unstable_if action=reinterpret pc=0x000000000370a630 method=java.io.DataInputStream.readUTF(Ljava/io/DataInput;)Ljava/lang/String; @ 31
Event: 23.762 Thread 0x0000000019c27800 Uncommon trap: reason=unstable_if action=reinterpret pc=0x000000000370d648 method=java.util.WeakHashMap.remove(Ljava/lang/Object;)Ljava/lang/Object; @ 94
Event: 23.784 Thread 0x0000000019c27800 Uncommon trap: reason=unstable_if action=reinterpret pc=0x00000000036e2d70 method=java.util.WeakHashMap.remove(Ljava/lang/Object;)Ljava/lang/Object; @ 94
Event: 23.834 Thread 0x0000000019c27800 Uncommon trap: reason=unstable_if action=reinterpret pc=0x0000000003739e68 method=java.util.regex.Pattern$BmpCharProperty.match(Ljava/util/regex/Matcher;ILjava/lang/CharSequence;)Z @ 34

Classes redefined (0 events):
No events

Internal exceptions (10 events):
Event: 22.198 Thread 0x0000000019c27800 Exception <a 'sun/nio/fs/WindowsException'> (0x00000000e7e9ff88) thrown at [D:\src\AOSP-openjdk-cygwin\jdk8u\hotspot\src\share\vm\prims\jni.cpp, line 709]
Event: 22.198 Thread 0x0000000019c27800 Exception <a 'sun/nio/fs/WindowsException'> (0x00000000e7ea0ce0) thrown at [D:\src\AOSP-openjdk-cygwin\jdk8u\hotspot\src\share\vm\prims\jni.cpp, line 709]
Event: 22.198 Thread 0x0000000019c27800 Exception <a 'sun/nio/fs/WindowsException'> (0x00000000e7ea2e38) thrown at [D:\src\AOSP-openjdk-cygwin\jdk8u\hotspot\src\share\vm\prims\jni.cpp, line 709]
Event: 22.198 Thread 0x0000000019c27800 Exception <a 'sun/nio/fs/WindowsException'> (0x00000000e7ea3db8) thrown at [D:\src\AOSP-openjdk-cygwin\jdk8u\hotspot\src\share\vm\prims\jni.cpp, line 709]
Event: 22.215 Thread 0x0000000019c27800 Exception <a 'sun/nio/fs/WindowsException'> (0x00000000e7ea8590) thrown at [D:\src\AOSP-openjdk-cygwin\jdk8u\hotspot\src\share\vm\prims\jni.cpp, line 709]
Event: 22.215 Thread 0x0000000019c27800 Exception <a 'sun/nio/fs/WindowsException'> (0x00000000e7ea92b0) thrown at [D:\src\AOSP-openjdk-cygwin\jdk8u\hotspot\src\share\vm\prims\jni.cpp, line 709]
Event: 22.215 Thread 0x0000000019c27800 Exception <a 'sun/nio/fs/WindowsException'> (0x00000000e7eab3e0) thrown at [D:\src\AOSP-openjdk-cygwin\jdk8u\hotspot\src\share\vm\prims\jni.cpp, line 709]
Event: 22.215 Thread 0x0000000019c27800 Exception <a 'sun/nio/fs/WindowsException'> (0x00000000e7eac138) thrown at [D:\src\AOSP-openjdk-cygwin\jdk8u\hotspot\src\share\vm\prims\jni.cpp, line 709]
Event: 22.357 Thread 0x0000000019c27800 Exception <a 'java/lang/ClassNotFoundException': com/sun/org/glassfish/hk2/osgiresourcelocator/ServiceLoader> (0x00000000e7f0c4f0) thrown at [D:\src\AOSP-openjdk-cygwin\jdk8u\hotspot\src\share\vm\classfile\systemDictionary.cpp, line 210]
Event: 22.572 Thread 0x0000000019c27800 Exception <a 'java/lang/NullPointerException'> (0x00000000e83e9c58) thrown at [D:\src\AOSP-openjdk-cygwin\jdk8u\hotspot\src\share\vm\interpreter\linkResolver.cpp, line 1301]

Events (10 events):
Event: 24.414 Thread 0x0000000019c27800 DEOPT PACKING pc=0x0000000003ec5512 sp=0x000000001ab99c70
Event: 24.414 Thread 0x0000000019c27800 DEOPT UNPACKING pc=0x00000000031871d0 sp=0x000000001ab999f8 mode 0
Event: 24.418 loading class com/google/common/hash/Hashing$Md5Holder
Event: 24.418 loading class com/google/common/hash/Hashing$Md5Holder done
Event: 24.420 loading class java/nio/file/StandardOpenOption
Event: 24.434 loading class java/nio/file/StandardOpenOption done
Event: 24.435 loading class sun/nio/fs/WindowsChannelFactory$2
Event: 24.435 loading class sun/nio/fs/WindowsChannelFactory$2 done
Event: 24.435 loading class com/sun/nio/file/ExtendedOpenOption
Event: 24.446 loading class com/sun/nio/file/ExtendedOpenOption done


Dynamic libraries:
0x00007ff79aa10000 - 0x00007ff79aa41000 	C:\Program Files\Android\Android Studio\jre\bin\java.exe
0x00007ffb9b9a0000 - 0x00007ffb9bb81000 	C:\WINDOWS\SYSTEM32\ntdll.dll
0x00007ffb9ad90000 - 0x00007ffb9ae41000 	C:\WINDOWS\System32\KERNEL32.DLL
0x00007ffb980e0000 - 0x00007ffb98353000 	C:\WINDOWS\System32\KERNELBASE.dll
0x00007ffb98e30000 - 0x00007ffb98ed1000 	C:\WINDOWS\System32\ADVAPI32.dll
0x00007ffb99750000 - 0x00007ffb997ee000 	C:\WINDOWS\System32\msvcrt.dll
0x00007ffb99490000 - 0x00007ffb994eb000 	C:\WINDOWS\System32\sechost.dll
0x00007ffb99500000 - 0x00007ffb99624000 	C:\WINDOWS\System32\RPCRT4.dll
0x00007ffb9aec0000 - 0x00007ffb9b050000 	C:\WINDOWS\System32\USER32.dll
0x00007ffb97ec0000 - 0x00007ffb97ee0000 	C:\WINDOWS\System32\win32u.dll
0x00007ffb9ad60000 - 0x00007ffb9ad88000 	C:\WINDOWS\System32\GDI32.dll
0x00007ffb97f40000 - 0x00007ffb980d2000 	C:\WINDOWS\System32\gdi32full.dll
0x00007ffb98680000 - 0x00007ffb9871f000 	C:\WINDOWS\System32\msvcp_win.dll
0x00007ffb97dc0000 - 0x00007ffb97eb8000 	C:\WINDOWS\System32\ucrtbase.dll
0x00007ffb853e0000 - 0x00007ffb85649000 	C:\WINDOWS\WinSxS\amd64_microsoft.windows.common-controls_6595b64144ccf1df_6.0.17134.766_none_fb43a1f3306471ed\COMCTL32.dll
0x00007ffb99160000 - 0x00007ffb99482000 	C:\WINDOWS\System32\combase.dll
0x00007ffb98600000 - 0x00007ffb9867a000 	C:\WINDOWS\System32\bcryptPrimitives.dll
0x00007ffb9b5a0000 - 0x00007ffb9b5cd000 	C:\WINDOWS\System32\IMM32.DLL
0x00000000547d0000 - 0x00000000548a2000 	C:\Program Files\Android\Android Studio\jre\jre\bin\msvcr100.dll
0x0000000054c30000 - 0x0000000055471000 	C:\Program Files\Android\Android Studio\jre\jre\bin\server\jvm.dll
0x00007ffb9b4a0000 - 0x00007ffb9b4a8000 	C:\WINDOWS\System32\PSAPI.DLL
0x00007ffb93290000 - 0x00007ffb9329a000 	C:\WINDOWS\SYSTEM32\VERSION.dll
0x00007ffb952a0000 - 0x00007ffb952c3000 	C:\WINDOWS\SYSTEM32\WINMM.dll
0x00007ffb932f0000 - 0x00007ffb932f9000 	C:\WINDOWS\SYSTEM32\WSOCK32.dll
0x00007ffb95270000 - 0x00007ffb9529a000 	C:\WINDOWS\SYSTEM32\WINMMBASE.dll
0x00007ffb990f0000 - 0x00007ffb9915c000 	C:\WINDOWS\System32\WS2_32.dll
0x00007ffb97d70000 - 0x00007ffb97db9000 	C:\WINDOWS\System32\cfgmgr32.dll
0x00007ffb92fd0000 - 0x00007ffb92fdf000 	C:\Program Files\Android\Android Studio\jre\jre\bin\verify.dll
0x00007ffb8c370000 - 0x00007ffb8c399000 	C:\Program Files\Android\Android Studio\jre\jre\bin\java.dll
0x00007ffb91ce0000 - 0x00007ffb91cf6000 	C:\Program Files\Android\Android Studio\jre\jre\bin\zip.dll
0x00007ffb997f0000 - 0x00007ffb9ac30000 	C:\WINDOWS\System32\SHELL32.dll
0x00007ffb98ee0000 - 0x00007ffb98f89000 	C:\WINDOWS\System32\shcore.dll
0x00007ffb98720000 - 0x00007ffb98e2d000 	C:\WINDOWS\System32\windows.storage.dll
0x00007ffb99650000 - 0x00007ffb996a1000 	C:\WINDOWS\System32\shlwapi.dll
0x00007ffb97cb0000 - 0x00007ffb97cc1000 	C:\WINDOWS\System32\kernel.appcore.dll
0x00007ffb97ce0000 - 0x00007ffb97cff000 	C:\WINDOWS\System32\profapi.dll
0x00007ffb97d20000 - 0x00007ffb97d6c000 	C:\WINDOWS\System32\powrprof.dll
0x00007ffb97cd0000 - 0x00007ffb97cda000 	C:\WINDOWS\System32\FLTLIB.DLL
0x00007ffb91410000 - 0x00007ffb9142a000 	C:\Program Files\Android\Android Studio\jre\jre\bin\net.dll
0x00007ffb97530000 - 0x00007ffb97596000 	C:\WINDOWS\system32\mswsock.dll
0x00007ffb8c010000 - 0x00007ffb8c021000 	C:\Program Files\Android\Android Studio\jre\jre\bin\nio.dll
0x00007ffb86260000 - 0x00007ffb8627e000 	C:\Users\Halid\.gradle\native\25\windows-amd64\native-platform.dll
0x00007ffb8ea00000 - 0x00007ffb8ea0d000 	C:\Program Files\Android\Android Studio\jre\jre\bin\management.dll
0x00007ffb976e0000 - 0x00007ffb976f7000 	C:\WINDOWS\SYSTEM32\CRYPTSP.dll
0x00007ffb970b0000 - 0x00007ffb970e3000 	C:\WINDOWS\system32\rsaenh.dll
0x00007ffb97810000 - 0x00007ffb97835000 	C:\WINDOWS\SYSTEM32\bcrypt.dll
0x00007ffb97bb0000 - 0x00007ffb97bd8000 	C:\WINDOWS\SYSTEM32\USERENV.dll
0x00007ffb97700000 - 0x00007ffb9770b000 	C:\WINDOWS\SYSTEM32\CRYPTBASE.dll
0x00007ffb972b0000 - 0x00007ffb972e8000 	C:\WINDOWS\SYSTEM32\IPHLPAPI.DLL
0x00007ffb9ae50000 - 0x00007ffb9ae58000 	C:\WINDOWS\System32\NSI.dll
0x00007ffb90450000 - 0x00007ffb90466000 	C:\WINDOWS\SYSTEM32\dhcpcsvc6.DLL
0x00007ffb90500000 - 0x00007ffb9051a000 	C:\WINDOWS\SYSTEM32\dhcpcsvc.DLL

VM Arguments:
jvm_args: -Xmx1536m -Dfile.encoding=GBK -Duser.country=CN -Duser.language=zh -Duser.variant 
java_command: org.gradle.launcher.daemon.bootstrap.GradleDaemon 5.1.1
java_class_path (initial): C:\Users\Halid\.gradle\wrapper\dists\gradle-5.1.1-all\97z1ksx6lirer3kbvdnh7jtjg\gradle-5.1.1\lib\gradle-launcher-5.1.1.jar
Launcher Type: SUN_STANDARD

Environment Variables:
PATH=C:\Program Files (x86)\Common Files\Oracle\Java\javapath;C:\ProgramData\Oracle\Java\javapath;C:\WINDOWS\system32;C:\WINDOWS;C:\WINDOWS\System32\Wbem;C:\WINDOWS\System32\WindowsPowerShell\v1.0\;C:\Program Files (x86)\ATI Technologies\ATI.ACE\Core-Static;C:\Program Files (x86)\Skype\Phone\;C:\Program Files\MiKTeX 2.9\miktex\bin\x64\;C:\Program Files\MiKTeX 2.91\miktex\bin\x64\;C:\Program Files\PuTTY\;C:\WINDOWS\System32\OpenSSH\;C:\Program Files\Git\cmd;C:\Users\Halid\AppData\Local\Microsoft\WindowsApps;c:\altera\11.1\modelsim_ase\win32aloem;C:\Users\Halid\AppData\Local\Google\Cloud SDK\google-cloud-sdk\bin
USERNAME=Halid
OS=Windows_NT
PROCESSOR_IDENTIFIER=AMD64 Family 21 Model 48 Stepping 1, AuthenticAMD



---------------  S Y S T E M  ---------------

OS: Windows 10.0 , 64 bit Build 17134 (10.0.17134.753)

CPU:total 4 (initial active 4) (4 cores per cpu, 1 threads per core) family 21 model 48 stepping 1, cmov, cx8, fxsr, mmx, sse, sse2, sse3, ssse3, sse4.1, sse4.2, popcnt, avx, aes, clmul, mmxext, 3dnowpref, lzcnt, sse4a, tsc, tscinvbit, tscinv, bmi1

Memory: 4k page, physical 7290508k(1907404k free), swap 10362508k(2912k free)

vm_info: OpenJDK 64-Bit Server VM (25.152-b01) for windows-amd64 JRE (1.8.0_152-release-1343-b01), built by "builder" with MS VC++ 10.0 (VS2010)

time: Mon Jun 03 10:40:47 2019
elapsed time: 24 seconds (0d 0h 0m 24s)

