#
# There is insufficient memory for the Java Runtime Environment to continue.
# Native memory allocation (malloc) failed to allocate 319536 bytes for Chunk::new
# Possible reasons:
#   The system is out of physical RAM or swap space
#   In 32 bit mode, the process size limit was hit
# Possible solutions:
#   Reduce memory load on the system
#   Increase physical memory or swap space
#   Check if swap backing store is full
#   Use 64 bit Java on a 64 bit OS
#   Decrease Java heap size (-Xmx/-Xms)
#   Decrease number of Java threads
#   Decrease Java thread stack sizes (-Xss)
#   Set larger code cache with -XX:ReservedCodeCacheSize=
# This output file may be truncated or incomplete.
#
#  Out of Memory Error (allocation.cpp:390), pid=20112, tid=0x000000000000179c
#
# JRE version: OpenJDK Runtime Environment (8.0_152-b01) (build 1.8.0_152-release-1343-b01)
# Java VM: OpenJDK 64-Bit Server VM (25.152-b01 mixed mode windows-amd64 compressed oops)
# Failed to write core dump. Minidumps are not enabled by default on client versions of Windows
#

---------------  T H R E A D  ---------------

Current thread (0x000000001693c000):  JavaThread "C2 CompilerThread1" daemon [_thread_in_native, id=6044, stack(0x0000000018330000,0x0000000018430000)]

Stack: [0x0000000018330000,0x0000000018430000]
[error occurred during error reporting (printing stack bounds), id 0xc0000005]

Native frames: (J=compiled Java code, j=interpreted, Vv=VM code, C=native code)


Current CompileTask:
C2:  19623 4914       4       java.lang.ClassLoader::preDefineClass (109 bytes)


---------------  P R O C E S S  ---------------

Java Threads: ( => current thread )
  0x000000001de2e800 JavaThread "Cache worker for Build Output Cleanup Cache (C:\Users\Halid\Project\DigitalMenu\.gradle\buildOutputCleanup)" [_thread_blocked, id=12196, stack(0x0000000020ee0000,0x0000000020fe0000)]
  0x000000001de2f000 JavaThread "Build operations Thread 4" [_thread_blocked, id=4668, stack(0x00000000209e0000,0x0000000020ae0000)]
  0x000000001de32000 JavaThread "Build operations Thread 3" [_thread_blocked, id=19472, stack(0x00000000208e0000,0x00000000209e0000)]
  0x000000001de2d000 JavaThread "Build operations Thread 2" [_thread_blocked, id=5624, stack(0x00000000207e0000,0x00000000208e0000)]
  0x000000001de30800 JavaThread "Build operations" [_thread_blocked, id=8448, stack(0x00000000206e0000,0x00000000207e0000)]
  0x000000001de31800 JavaThread "Cache worker for execution history cache (C:\Users\Halid\.gradle\caches\5.1.1\executionHistory)" [_thread_blocked, id=10496, stack(0x000000001f1a0000,0x000000001f2a0000)]
  0x000000001de2d800 JavaThread "Cache worker for cache directory md-rule (C:\Users\Halid\.gradle\caches\5.1.1\md-rule)" [_thread_blocked, id=6652, stack(0x000000001f0a0000,0x000000001f1a0000)]
  0x0000000019829000 JavaThread "Cache worker for cache directory md-supplier (C:\Users\Halid\.gradle\caches\5.1.1\md-supplier)" [_thread_blocked, id=4676, stack(0x000000001efa0000,0x000000001f0a0000)]
  0x0000000019829800 JavaThread "Cache worker for file hash cache (C:\Users\Halid\Project\DigitalMenu\.gradle\5.1.1\fileHashes)" [_thread_blocked, id=20008, stack(0x000000001d2d0000,0x000000001d3d0000)]
  0x000000001982c000 JavaThread "Cache worker for journal cache (C:\Users\Halid\.gradle\caches\journal-1)" [_thread_blocked, id=15680, stack(0x000000001aeb0000,0x000000001afb0000)]
  0x0000000019800800 JavaThread "File lock request listener" [_thread_in_native, id=21332, stack(0x000000001adb0000,0x000000001aeb0000)]
  0x0000000019818800 JavaThread "Cache worker for file hash cache (C:\Users\Halid\.gradle\caches\5.1.1\fileHashes)" [_thread_blocked, id=12120, stack(0x000000001acb0000,0x000000001adb0000)]
  0x0000000019563800 JavaThread "Thread-8" [_thread_blocked, id=9552, stack(0x000000001abb0000,0x000000001acb0000)]
  0x00000000193bb800 JavaThread "Stdin handler" [_thread_blocked, id=1916, stack(0x000000001aab0000,0x000000001abb0000)]
  0x00000000193ba800 JavaThread "Asynchronous log dispatcher for DefaultDaemonConnection: socket connection from /127.0.0.1:52071 to /127.0.0.1:52072" [_thread_blocked, id=21300, stack(0x000000001a9b0000,0x000000001aab0000)]
  0x00000000193c3000 JavaThread "Daemon worker" [_thread_in_vm_trans, id=12660, stack(0x000000001a8b0000,0x000000001a9b0000)]
  0x00000000193c2000 JavaThread "Cancel handler" [_thread_blocked, id=5916, stack(0x000000001a7b0000,0x000000001a8b0000)]
  0x00000000193aa000 JavaThread "Handler for socket connection from /127.0.0.1:52071 to /127.0.0.1:52072" [_thread_in_native, id=8660, stack(0x000000001a4b0000,0x000000001a5b0000)]
  0x000000001961c000 JavaThread "Daemon" [_thread_blocked, id=14072, stack(0x000000001a3b0000,0x000000001a4b0000)]
  0x0000000019619000 JavaThread "Daemon periodic checks" [_thread_blocked, id=13456, stack(0x000000001a2b0000,0x000000001a3b0000)]
  0x0000000019629000 JavaThread "Incoming local TCP Connector on port 52071" [_thread_in_native, id=5584, stack(0x000000001a100000,0x000000001a200000)]
  0x0000000017c81800 JavaThread "Service Thread" daemon [_thread_blocked, id=7648, stack(0x0000000018530000,0x0000000018630000)]
  0x0000000017c48000 JavaThread "C1 CompilerThread2" daemon [_thread_blocked, id=12936, stack(0x0000000018430000,0x0000000018530000)]
=>0x000000001693c000 JavaThread "C2 CompilerThread1" daemon [_thread_in_native, id=6044, stack(0x0000000018330000,0x0000000018430000)]
  0x0000000016938800 JavaThread "C2 CompilerThread0" daemon [_thread_in_native, id=10312, stack(0x0000000018230000,0x0000000018330000)]
  0x0000000017c38800 JavaThread "Attach Listener" daemon [_thread_blocked, id=19260, stack(0x0000000018130000,0x0000000018230000)]
  0x00000000168d6800 JavaThread "Signal Dispatcher" daemon [_thread_blocked, id=16092, stack(0x0000000018030000,0x0000000018130000)]
  0x0000000002b2b800 JavaThread "Finalizer" daemon [_thread_blocked, id=17956, stack(0x0000000017b30000,0x0000000017c30000)]
  0x0000000002b20800 JavaThread "Reference Handler" daemon [_thread_blocked, id=20388, stack(0x0000000017a30000,0x0000000017b30000)]
  0x0000000002bdd800 JavaThread "main" [_thread_blocked, id=16504, stack(0x0000000001140000,0x0000000001240000)]

Other Threads:
  0x00000000168a7000 VMThread [stack: 0x0000000017930000,0x0000000017a30000] [id=3916]
  0x0000000017c82000 WatcherThread [stack: 0x0000000018630000,0x0000000018730000] [id=4008]

VM state:not at safepoint (normal execution)

VM Mutex/Monitor currently owned by a thread: None

Heap:
 PSYoungGen      total 333824K, used 33114K [0x00000000e0000000, 0x00000000f6400000, 0x0000000100000000)
  eden space 317952K, 5% used [0x00000000e0000000,0x00000000e10dbf20,0x00000000f3680000)
  from space 15872K, 99% used [0x00000000f5480000,0x00000000f63faaf0,0x00000000f6400000)
  to   space 22528K, 0% used [0x00000000f3800000,0x00000000f3800000,0x00000000f4e00000)
 ParOldGen       total 52224K, used 27965K [0x00000000a0000000, 0x00000000a3300000, 0x00000000e0000000)
  object space 52224K, 53% used [0x00000000a0000000,0x00000000a1b4f678,0x00000000a3300000)
 Metaspace       used 56482K, capacity 57988K, committed 58240K, reserved 1099776K
  class space    used 7607K, capacity 7950K, committed 8064K, reserved 1048576K

Card table byte_map: [0x0000000012330000,0x0000000012640000] byte_map_base: 0x0000000011e30000

Marking Bits: (ParMarkBitMap*) 0x00000000553f5aa0
 Begin Bits: [0x0000000012c40000, 0x0000000014440000)
 End Bits:   [0x0000000014440000, 0x0000000015c40000)

Polling page: 0x00000000009f0000

CodeCache: size=245760Kb used=15533Kb max_used=15533Kb free=230226Kb
 bounds [0x0000000002f70000, 0x0000000003eb0000, 0x0000000011f70000]
 total_blobs=5389 nmethods=4595 adapters=707
 compilation: enabled

Compilation events (10 events):
Event: 19.564 Thread 0x0000000017c48000 4913       3       java.util.ArrayList::addAll (54 bytes)
Event: 19.565 Thread 0x0000000017c48000 nmethod 4913 0x0000000003ea1ed0 code [0x0000000003ea2080, 0x0000000003ea26e8]
Event: 19.593 Thread 0x000000001693c000 4914       4       java.lang.ClassLoader::preDefineClass (109 bytes)
Event: 19.599 Thread 0x0000000017c48000 4915       3       java.security.MessageDigest$Delegate::<init> (11 bytes)
Event: 19.600 Thread 0x0000000017c48000 nmethod 4915 0x0000000003ea2910 code [0x0000000003ea2a80, 0x0000000003ea2d30]
Event: 19.600 Thread 0x0000000017c48000 4916       3       java.security.MessageDigest::<init> (15 bytes)
Event: 19.600 Thread 0x0000000017c48000 nmethod 4916 0x0000000003ea2e50 code [0x0000000003ea2fc0, 0x0000000003ea31f0]
Event: 19.600 Thread 0x0000000017c48000 4917       1       org.gradle.internal.classloader.ConfigurableClassLoaderHierarchyHasher::access$100 (5 bytes)
Event: 19.600 Thread 0x0000000017c48000 nmethod 4917 0x0000000003ea32d0 code [0x0000000003ea3420, 0x0000000003ea3510]
Event: 19.606 Thread 0x0000000016938800 4918       4       java.lang.ClassLoader::defineClass (43 bytes)

GC Heap History (10 events):
Event: 7.466 GC heap before
{Heap before GC invocations=6 (full 1):
 PSYoungGen      total 119296K, used 4604K [0x00000000e0000000, 0x00000000efa00000, 0x0000000100000000)
  eden space 114688K, 0% used [0x00000000e0000000,0x00000000e0000000,0x00000000e7000000)
  from space 4608K, 99% used [0x00000000e7000000,0x00000000e747f080,0x00000000e7480000)
  to   space 13312K, 0% used [0x00000000eed00000,0x00000000eed00000,0x00000000efa00000)
 ParOldGen       total 76800K, used 12299K [0x00000000a0000000, 0x00000000a4b00000, 0x00000000e0000000)
  object space 76800K, 16% used [0x00000000a0000000,0x00000000a0c02e88,0x00000000a4b00000)
 Metaspace       used 20623K, capacity 21130K, committed 21296K, reserved 1067008K
  class space    used 2892K, capacity 3091K, committed 3200K, reserved 1048576K
Event: 7.553 GC heap after
Heap after GC invocations=6 (full 1):
 PSYoungGen      total 119296K, used 0K [0x00000000e0000000, 0x00000000efa00000, 0x0000000100000000)
  eden space 114688K, 0% used [0x00000000e0000000,0x00000000e0000000,0x00000000e7000000)
  from space 4608K, 0% used [0x00000000e7000000,0x00000000e7000000,0x00000000e7480000)
  to   space 13312K, 0% used [0x00000000eed00000,0x00000000eed00000,0x00000000efa00000)
 ParOldGen       total 52224K, used 7803K [0x00000000a0000000, 0x00000000a3300000, 0x00000000e0000000)
  object space 52224K, 14% used [0x00000000a0000000,0x00000000a079ef68,0x00000000a3300000)
 Metaspace       used 20623K, capacity 21130K, committed 21296K, reserved 1067008K
  class space    used 2892K, capacity 3091K, committed 3200K, reserved 1048576K
}
Event: 10.367 GC heap before
{Heap before GC invocations=7 (full 1):
 PSYoungGen      total 119296K, used 114688K [0x00000000e0000000, 0x00000000efa00000, 0x0000000100000000)
  eden space 114688K, 100% used [0x00000000e0000000,0x00000000e7000000,0x00000000e7000000)
  from space 4608K, 0% used [0x00000000e7000000,0x00000000e7000000,0x00000000e7480000)
  to   space 13312K, 0% used [0x00000000eed00000,0x00000000eed00000,0x00000000efa00000)
 ParOldGen       total 52224K, used 7803K [0x00000000a0000000, 0x00000000a3300000, 0x00000000e0000000)
  object space 52224K, 14% used [0x00000000a0000000,0x00000000a079ef68,0x00000000a3300000)
 Metaspace       used 30978K, capacity 31584K, committed 31872K, reserved 1077248K
  class space    used 4246K, capacity 4430K, committed 4480K, reserved 1048576K
Event: 10.420 GC heap after
Heap after GC invocations=7 (full 1):
 PSYoungGen      total 208896K, used 11762K [0x00000000e0000000, 0x00000000ef880000, 0x0000000100000000)
  eden space 197120K, 0% used [0x00000000e0000000,0x00000000e0000000,0x00000000ec080000)
  from space 11776K, 99% used [0x00000000eed00000,0x00000000ef87ca88,0x00000000ef880000)
  to   space 14848K, 0% used [0x00000000edb80000,0x00000000edb80000,0x00000000eea00000)
 ParOldGen       total 52224K, used 7811K [0x00000000a0000000, 0x00000000a3300000, 0x00000000e0000000)
  object space 52224K, 14% used [0x00000000a0000000,0x00000000a07a0f68,0x00000000a3300000)
 Metaspace       used 30978K, capacity 31584K, committed 31872K, reserved 1077248K
  class space    used 4246K, capacity 4430K, committed 4480K, reserved 1048576K
}
Event: 12.280 GC heap before
{Heap before GC invocations=8 (full 1):
 PSYoungGen      total 208896K, used 82128K [0x00000000e0000000, 0x00000000ef880000, 0x0000000100000000)
  eden space 197120K, 35% used [0x00000000e0000000,0x00000000e44b76d8,0x00000000ec080000)
  from space 11776K, 99% used [0x00000000eed00000,0x00000000ef87ca88,0x00000000ef880000)
  to   space 14848K, 0% used [0x00000000edb80000,0x00000000edb80000,0x00000000eea00000)
 ParOldGen       total 52224K, used 7811K [0x00000000a0000000, 0x00000000a3300000, 0x00000000e0000000)
  object space 52224K, 14% used [0x00000000a0000000,0x00000000a07a0f68,0x00000000a3300000)
 Metaspace       used 34660K, capacity 35428K, committed 35456K, reserved 1079296K
  class space    used 4772K, capacity 4992K, committed 4992K, reserved 1048576K
Event: 12.308 GC heap after
Heap after GC invocations=8 (full 1):
 PSYoungGen      total 239616K, used 11374K [0x00000000e0000000, 0x00000000f6400000, 0x0000000100000000)
  eden space 224768K, 0% used [0x00000000e0000000,0x00000000e0000000,0x00000000edb80000)
  from space 14848K, 76% used [0x00000000edb80000,0x00000000ee69ba30,0x00000000eea00000)
  to   space 15872K, 0% used [0x00000000f5480000,0x00000000f5480000,0x00000000f6400000)
 ParOldGen       total 52224K, used 7819K [0x00000000a0000000, 0x00000000a3300000, 0x00000000e0000000)
  object space 52224K, 14% used [0x00000000a0000000,0x00000000a07a2f68,0x00000000a3300000)
 Metaspace       used 34660K, capacity 35428K, committed 35456K, reserved 1079296K
  class space    used 4772K, capacity 4992K, committed 4992K, reserved 1048576K
}
Event: 12.308 GC heap before
{Heap before GC invocations=9 (full 2):
 PSYoungGen      total 239616K, used 11374K [0x00000000e0000000, 0x00000000f6400000, 0x0000000100000000)
  eden space 224768K, 0% used [0x00000000e0000000,0x00000000e0000000,0x00000000edb80000)
  from space 14848K, 76% used [0x00000000edb80000,0x00000000ee69ba30,0x00000000eea00000)
  to   space 15872K, 0% used [0x00000000f5480000,0x00000000f5480000,0x00000000f6400000)
 ParOldGen       total 52224K, used 7819K [0x00000000a0000000, 0x00000000a3300000, 0x00000000e0000000)
  object space 52224K, 14% used [0x00000000a0000000,0x00000000a07a2f68,0x00000000a3300000)
 Metaspace       used 34660K, capacity 35428K, committed 35456K, reserved 1079296K
  class space    used 4772K, capacity 4992K, committed 4992K, reserved 1048576K
Event: 12.547 GC heap after
Heap after GC invocations=9 (full 2):
 PSYoungGen      total 239616K, used 0K [0x00000000e0000000, 0x00000000f6400000, 0x0000000100000000)
  eden space 224768K, 0% used [0x00000000e0000000,0x00000000e0000000,0x00000000edb80000)
  from space 14848K, 0% used [0x00000000edb80000,0x00000000edb80000,0x00000000eea00000)
  to   space 15872K, 0% used [0x00000000f5480000,0x00000000f5480000,0x00000000f6400000)
 ParOldGen       total 52224K, used 18343K [0x00000000a0000000, 0x00000000a3300000, 0x00000000e0000000)
  object space 52224K, 35% used [0x00000000a0000000,0x00000000a11e9c80,0x00000000a3300000)
 Metaspace       used 34654K, capacity 35410K, committed 35456K, reserved 1079296K
  class space    used 4771K, capacity 4989K, committed 4992K, reserved 1048576K
}
Event: 19.146 GC heap before
{Heap before GC invocations=10 (full 2):
 PSYoungGen      total 239616K, used 224768K [0x00000000e0000000, 0x00000000f6400000, 0x0000000100000000)
  eden space 224768K, 100% used [0x00000000e0000000,0x00000000edb80000,0x00000000edb80000)
  from space 14848K, 0% used [0x00000000edb80000,0x00000000edb80000,0x00000000eea00000)
  to   space 15872K, 0% used [0x00000000f5480000,0x00000000f5480000,0x00000000f6400000)
 ParOldGen       total 52224K, used 18343K [0x00000000a0000000, 0x00000000a3300000, 0x00000000e0000000)
  object space 52224K, 35% used [0x00000000a0000000,0x00000000a11e9c80,0x00000000a3300000)
 Metaspace       used 55218K, capacity 56646K, committed 56704K, reserved 1097728K
  class space    used 7420K, capacity 7755K, committed 7808K, reserved 1048576K
Event: 19.207 GC heap after
Heap after GC invocations=10 (full 2):
 PSYoungGen      total 333824K, used 15850K [0x00000000e0000000, 0x00000000f6400000, 0x0000000100000000)
  eden space 317952K, 0% used [0x00000000e0000000,0x00000000e0000000,0x00000000f3680000)
  from space 15872K, 99% used [0x00000000f5480000,0x00000000f63faaf0,0x00000000f6400000)
  to   space 22528K, 0% used [0x00000000f3800000,0x00000000f3800000,0x00000000f4e00000)
 ParOldGen       total 52224K, used 27965K [0x00000000a0000000, 0x00000000a3300000, 0x00000000e0000000)
  object space 52224K, 53% used [0x00000000a0000000,0x00000000a1b4f678,0x00000000a3300000)
 Metaspace       used 55218K, capacity 56646K, committed 56704K, reserved 1097728K
  class space    used 7420K, capacity 7755K, committed 7808K, reserved 1048576K
}

Deoptimization events (10 events):
Event: 15.087 Thread 0x00000000193c3000 Uncommon trap: reason=unstable_if action=reinterpret pc=0x0000000003b4ee68 method=org.codehaus.groovy.runtime.metaclass.MetaMethodIndex.isNonRealMethod(Lgroovy/lang/MetaMethod;)Z @ 4
Event: 15.088 Thread 0x00000000193c3000 Uncommon trap: reason=unstable_if action=reinterpret pc=0x00000000037caf74 method=groovy.lang.MetaClassImpl$1MOPIter.methodNameAction(Ljava/lang/Class;Lorg/codehaus/groovy/runtime/metaclass/MetaMethodIndex$Entry;)V @ 182
Event: 15.143 Thread 0x00000000193c3000 Uncommon trap: reason=unstable_if action=reinterpret pc=0x0000000003b1748c method=java.lang.ClassLoader.checkCerts(Ljava/lang/String;Ljava/security/CodeSource;)V @ 29
Event: 15.165 Thread 0x00000000193c3000 Uncommon trap: reason=bimorphic action=maybe_recompile pc=0x00000000036e6c90 method=java.util.WeakHashMap.eq(Ljava/lang/Object;Ljava/lang/Object;)Z @ 7
Event: 16.315 Thread 0x00000000193c3000 Uncommon trap: reason=unstable_if action=reinterpret pc=0x000000000309c9f0 method=java.io.DataInputStream.readUTF(Ljava/io/DataInput;)Ljava/lang/String; @ 31
Event: 16.567 Thread 0x00000000193c3000 Uncommon trap: reason=unstable_if action=reinterpret pc=0x00000000033b2828 method=java.util.regex.Pattern$BmpCharProperty.match(Ljava/util/regex/Matcher;ILjava/lang/CharSequence;)Z @ 34
Event: 17.107 Thread 0x00000000193c3000 Uncommon trap: reason=unstable_if action=reinterpret pc=0x0000000003ce3134 method=com.sun.org.apache.xerces.internal.impl.XMLEntityScanner.checkBeforeLoad(Lcom/sun/xml/internal/stream/Entity$ScannedEntity;II)I @ 18
Event: 18.560 Thread 0x00000000193c3000 Uncommon trap: reason=unstable_if action=reinterpret pc=0x00000000030fed04 method=java.lang.String.lastIndexOf([CII[CIII)I @ 17
Event: 18.817 Thread 0x00000000193c3000 Uncommon trap: reason=unstable_if action=reinterpret pc=0x00000000034eaaf8 method=java.util.concurrent.ConcurrentHashMap.putVal(Ljava/lang/Object;Ljava/lang/Object;Z)Ljava/lang/Object; @ 195
Event: 18.888 Thread 0x00000000193c3000 Uncommon trap: reason=unstable_if action=reinterpret pc=0x0000000003e29e48 method=kotlin.reflect.jvm.internal.impl.protobuf.CodedInputStream.readRawVarint32()I @ 10

Classes redefined (0 events):
No events

Internal exceptions (10 events):
Event: 16.942 Thread 0x00000000193c3000 Exception <a 'sun/nio/fs/WindowsException'> (0x00000000ea94ddb0) thrown at [D:\src\AOSP-openjdk-cygwin\jdk8u\hotspot\src\share\vm\prims\jni.cpp, line 709]
Event: 17.254 Thread 0x00000000193c3000 Exception <a 'java/lang/NoSuchMethodError': java.lang.Object.lambda$comparing$77a9974f$1(Ljava/util/function/Function;Ljava/lang/Object;Ljava/lang/Object;)I> (0x00000000eaaea670) thrown at [D:\src\AOSP-openjdk-cygwin\jdk8u\hotspot\src\share\vm\interpreter
Event: 17.255 Thread 0x00000000193c3000 Exception <a 'java/lang/NoSuchMethodError': java.lang.Object.lambda$thenComparing$36697e65$1(Ljava/util/Comparator;Ljava/lang/Object;Ljava/lang/Object;)I> (0x00000000eaaf5e28) thrown at [D:\src\AOSP-openjdk-cygwin\jdk8u\hotspot\src\share\vm\interpreter\li
Event: 17.365 Thread 0x00000000193c3000 Exception <a 'java/lang/NoSuchMethodError': java.lang.Object.lambda$maxBy$1(Ljava/util/Comparator;Ljava/lang/Object;Ljava/lang/Object;)Ljava/lang/Object;> (0x00000000eac6f660) thrown at [D:\src\AOSP-openjdk-cygwin\jdk8u\hotspot\src\share\vm\interpreter\li
Event: 18.141 Thread 0x00000000193c3000 Exception <a 'java/lang/ClassNotFoundException': org/gradle/api/plugins/internal/DefaultBasePluginConventionBeanInfo> (0x00000000eb34a658) thrown at [D:\src\AOSP-openjdk-cygwin\jdk8u\hotspot\src\share\vm\classfile\systemDictionary.cpp, line 210]
Event: 18.142 Thread 0x00000000193c3000 Exception <a 'java/lang/ClassNotFoundException': org/gradle/api/plugins/BasePluginConventionBeanInfo> (0x00000000eb371aa0) thrown at [D:\src\AOSP-openjdk-cygwin\jdk8u\hotspot\src\share\vm\classfile\systemDictionary.cpp, line 210]
Event: 18.143 Thread 0x00000000193c3000 Exception <a 'java/lang/ClassNotFoundException': org/gradle/api/plugins/BasePluginConventionCustomizer> (0x00000000eb3998b8) thrown at [D:\src\AOSP-openjdk-cygwin\jdk8u\hotspot\src\share\vm\classfile\systemDictionary.cpp, line 210]
Event: 18.146 Thread 0x00000000193c3000 Exception <a 'java/lang/ClassNotFoundException': org/gradle/api/plugins/internal/DefaultBasePluginConventionCustomizer> (0x00000000eb3db020) thrown at [D:\src\AOSP-openjdk-cygwin\jdk8u\hotspot\src\share\vm\classfile\systemDictionary.cpp, line 210]
Event: 18.165 Thread 0x00000000193c3000 Exception <a 'java/lang/NoSuchMethodError': java.lang.Object.lambda$comparingInt$7b0bb60$1(Ljava/util/function/ToIntFunction;Ljava/lang/Object;Ljava/lang/Object;)I> (0x00000000eb450338) thrown at [D:\src\AOSP-openjdk-cygwin\jdk8u\hotspot\src\share\vm\inte
Event: 18.167 Thread 0x00000000193c3000 Exception <a 'java/lang/NoSuchMethodError': java.lang.Object.lambda$comparing$ea9a8b3a$1(Ljava/util/Comparator;Ljava/util/function/Function;Ljava/lang/Object;Ljava/lang/Object;)I> (0x00000000eb45a6d0) thrown at [D:\src\AOSP-openjdk-cygwin\jdk8u\hotspot\sr

Events (10 events):
Event: 19.616 loading class com/android/build/gradle/internal/scope/VariantScope
Event: 19.616 loading class com/android/build/gradle/internal/scope/VariantScope done
Event: 19.618 loading class org/gradle/api/tasks/TaskProvider
Event: 19.618 loading class org/gradle/api/tasks/TaskProvider done
Event: 19.618 loading class com/android/build/gradle/internal/incremental/BuildInfoWriterTask
Event: 19.618 loading class com/android/build/gradle/internal/incremental/BuildInfoWriterTask done
Event: 19.618 loading class org/gradle/api/tasks/TaskProvider
Event: 19.618 loading class org/gradle/api/tasks/TaskProvider done
Event: 19.619 loading class com/android/build/gradle/internal/scope/MutableTaskContainer
Event: 19.619 loading class com/android/build/gradle/internal/scope/MutableTaskContainer done


Dynamic libraries:
0x00007ff79aa10000 - 0x00007ff79aa41000 	C:\Program Files\Android\Android Studio\jre\bin\java.exe
0x00007ffb9b9a0000 - 0x00007ffb9bb81000 	C:\WINDOWS\SYSTEM32\ntdll.dll
0x00007ffb9ad90000 - 0x00007ffb9ae41000 	C:\WINDOWS\System32\KERNEL32.DLL
0x00007ffb980e0000 - 0x00007ffb98353000 	C:\WINDOWS\System32\KERNELBASE.dll
0x00007ffb98e30000 - 0x00007ffb98ed1000 	C:\WINDOWS\System32\ADVAPI32.dll
0x00007ffb99750000 - 0x00007ffb997ee000 	C:\WINDOWS\System32\msvcrt.dll
0x00007ffb99490000 - 0x00007ffb994eb000 	C:\WINDOWS\System32\sechost.dll
0x00007ffb99500000 - 0x00007ffb99624000 	C:\WINDOWS\System32\RPCRT4.dll
0x00007ffb9aec0000 - 0x00007ffb9b050000 	C:\WINDOWS\System32\USER32.dll
0x00007ffb97ec0000 - 0x00007ffb97ee0000 	C:\WINDOWS\System32\win32u.dll
0x00007ffb9ad60000 - 0x00007ffb9ad88000 	C:\WINDOWS\System32\GDI32.dll
0x00007ffb97f40000 - 0x00007ffb980d2000 	C:\WINDOWS\System32\gdi32full.dll
0x00007ffb98680000 - 0x00007ffb9871f000 	C:\WINDOWS\System32\msvcp_win.dll
0x00007ffb97dc0000 - 0x00007ffb97eb8000 	C:\WINDOWS\System32\ucrtbase.dll
0x00007ffb853e0000 - 0x00007ffb85649000 	C:\WINDOWS\WinSxS\amd64_microsoft.windows.common-controls_6595b64144ccf1df_6.0.17134.766_none_fb43a1f3306471ed\COMCTL32.dll
0x00007ffb99160000 - 0x00007ffb99482000 	C:\WINDOWS\System32\combase.dll
0x00007ffb98600000 - 0x00007ffb9867a000 	C:\WINDOWS\System32\bcryptPrimitives.dll
0x00007ffb9b5a0000 - 0x00007ffb9b5cd000 	C:\WINDOWS\System32\IMM32.DLL
0x00000000547d0000 - 0x00000000548a2000 	C:\Program Files\Android\Android Studio\jre\jre\bin\msvcr100.dll
0x0000000054c30000 - 0x0000000055471000 	C:\Program Files\Android\Android Studio\jre\jre\bin\server\jvm.dll
0x00007ffb9b4a0000 - 0x00007ffb9b4a8000 	C:\WINDOWS\System32\PSAPI.DLL
0x00007ffb952a0000 - 0x00007ffb952c3000 	C:\WINDOWS\SYSTEM32\WINMM.dll
0x00007ffb932f0000 - 0x00007ffb932f9000 	C:\WINDOWS\SYSTEM32\WSOCK32.dll
0x00007ffb93290000 - 0x00007ffb9329a000 	C:\WINDOWS\SYSTEM32\VERSION.dll
0x00007ffb95270000 - 0x00007ffb9529a000 	C:\WINDOWS\SYSTEM32\WINMMBASE.dll
0x00007ffb990f0000 - 0x00007ffb9915c000 	C:\WINDOWS\System32\WS2_32.dll
0x00007ffb97d70000 - 0x00007ffb97db9000 	C:\WINDOWS\System32\cfgmgr32.dll
0x00007ffb92fd0000 - 0x00007ffb92fdf000 	C:\Program Files\Android\Android Studio\jre\jre\bin\verify.dll
0x00007ffb8c370000 - 0x00007ffb8c399000 	C:\Program Files\Android\Android Studio\jre\jre\bin\java.dll
0x00007ffb91ce0000 - 0x00007ffb91cf6000 	C:\Program Files\Android\Android Studio\jre\jre\bin\zip.dll
0x00007ffb997f0000 - 0x00007ffb9ac30000 	C:\WINDOWS\System32\SHELL32.dll
0x00007ffb98ee0000 - 0x00007ffb98f89000 	C:\WINDOWS\System32\shcore.dll
0x00007ffb98720000 - 0x00007ffb98e2d000 	C:\WINDOWS\System32\windows.storage.dll
0x00007ffb99650000 - 0x00007ffb996a1000 	C:\WINDOWS\System32\shlwapi.dll
0x00007ffb97cb0000 - 0x00007ffb97cc1000 	C:\WINDOWS\System32\kernel.appcore.dll
0x00007ffb97ce0000 - 0x00007ffb97cff000 	C:\WINDOWS\System32\profapi.dll
0x00007ffb97d20000 - 0x00007ffb97d6c000 	C:\WINDOWS\System32\powrprof.dll
0x00007ffb97cd0000 - 0x00007ffb97cda000 	C:\WINDOWS\System32\FLTLIB.DLL
0x00007ffb91410000 - 0x00007ffb9142a000 	C:\Program Files\Android\Android Studio\jre\jre\bin\net.dll
0x00007ffb97530000 - 0x00007ffb97596000 	C:\WINDOWS\system32\mswsock.dll
0x00007ffb8c010000 - 0x00007ffb8c021000 	C:\Program Files\Android\Android Studio\jre\jre\bin\nio.dll
0x00007ffb86260000 - 0x00007ffb8627e000 	C:\Users\Halid\.gradle\native\25\windows-amd64\native-platform.dll
0x00007ffb8ea00000 - 0x00007ffb8ea0d000 	C:\Program Files\Android\Android Studio\jre\jre\bin\management.dll
0x00007ffb976e0000 - 0x00007ffb976f7000 	C:\WINDOWS\SYSTEM32\CRYPTSP.dll
0x00007ffb970b0000 - 0x00007ffb970e3000 	C:\WINDOWS\system32\rsaenh.dll
0x00007ffb97810000 - 0x00007ffb97835000 	C:\WINDOWS\SYSTEM32\bcrypt.dll
0x00007ffb97bb0000 - 0x00007ffb97bd8000 	C:\WINDOWS\SYSTEM32\USERENV.dll
0x00007ffb97700000 - 0x00007ffb9770b000 	C:\WINDOWS\SYSTEM32\CRYPTBASE.dll
0x00007ffb972b0000 - 0x00007ffb972e8000 	C:\WINDOWS\SYSTEM32\IPHLPAPI.DLL
0x00007ffb9ae50000 - 0x00007ffb9ae58000 	C:\WINDOWS\System32\NSI.dll
0x00007ffb90450000 - 0x00007ffb90466000 	C:\WINDOWS\SYSTEM32\dhcpcsvc6.DLL
0x00007ffb90500000 - 0x00007ffb9051a000 	C:\WINDOWS\SYSTEM32\dhcpcsvc.DLL

VM Arguments:
jvm_args: -Xmx1536m -Dfile.encoding=GBK -Duser.country=CN -Duser.language=zh -Duser.variant 
java_command: org.gradle.launcher.daemon.bootstrap.GradleDaemon 5.1.1
java_class_path (initial): C:\Users\Halid\.gradle\wrapper\dists\gradle-5.1.1-all\97z1ksx6lirer3kbvdnh7jtjg\gradle-5.1.1\lib\gradle-launcher-5.1.1.jar
Launcher Type: SUN_STANDARD

Environment Variables:
PATH=C:\Program Files (x86)\Common Files\Oracle\Java\javapath;C:\ProgramData\Oracle\Java\javapath;C:\WINDOWS\system32;C:\WINDOWS;C:\WINDOWS\System32\Wbem;C:\WINDOWS\System32\WindowsPowerShell\v1.0\;C:\Program Files (x86)\ATI Technologies\ATI.ACE\Core-Static;C:\Program Files (x86)\Skype\Phone\;C:\Program Files\MiKTeX 2.9\miktex\bin\x64\;C:\Program Files\MiKTeX 2.91\miktex\bin\x64\;C:\Program Files\PuTTY\;C:\WINDOWS\System32\OpenSSH\;C:\Program Files\Git\cmd;C:\Users\Halid\AppData\Local\Microsoft\WindowsApps;c:\altera\11.1\modelsim_ase\win32aloem;C:\Users\Halid\AppData\Local\Google\Cloud SDK\google-cloud-sdk\bin
USERNAME=Halid
OS=Windows_NT
PROCESSOR_IDENTIFIER=AMD64 Family 21 Model 48 Stepping 1, AuthenticAMD



---------------  S Y S T E M  ---------------

OS: Windows 10.0 , 64 bit Build 17134 (10.0.17134.753)

CPU:total 4 (initial active 4) (4 cores per cpu, 1 threads per core) family 21 model 48 stepping 1, cmov, cx8, fxsr, mmx, sse, sse2, sse3, ssse3, sse4.1, sse4.2, popcnt, avx, aes, clmul, mmxext, 3dnowpref, lzcnt, sse4a, tsc, tscinvbit, tscinv, bmi1

Memory: 4k page, physical 7290508k(1910396k free), swap 10362508k(5364k free)

vm_info: OpenJDK 64-Bit Server VM (25.152-b01) for windows-amd64 JRE (1.8.0_152-release-1343-b01), built by "builder" with MS VC++ 10.0 (VS2010)

time: Mon Jun 03 10:41:27 2019
elapsed time: 19 seconds (0d 0h 0m 19s)

