#
# There is insufficient memory for the Java Runtime Environment to continue.
# Native memory allocation (malloc) failed to allocate 262160 bytes for Chunk::new
# Possible reasons:
#   The system is out of physical RAM or swap space
#   In 32 bit mode, the process size limit was hit
# Possible solutions:
#   Reduce memory load on the system
#   Increase physical memory or swap space
#   Check if swap backing store is full
#   Use 64 bit Java on a 64 bit OS
#   Decrease Java heap size (-Xmx/-Xms)
#   Decrease number of Java threads
#   Decrease Java thread stack sizes (-Xss)
#   Set larger code cache with -XX:ReservedCodeCacheSize=
# This output file may be truncated or incomplete.
#
#  Out of Memory Error (allocation.cpp:390), pid=7788, tid=0x000000000000227c
#
# JRE version: OpenJDK Runtime Environment (8.0_152-b01) (build 1.8.0_152-release-1343-b01)
# Java VM: OpenJDK 64-Bit Server VM (25.152-b01 mixed mode windows-amd64 compressed oops)
# Failed to write core dump. Minidumps are not enabled by default on client versions of Windows
#

---------------  T H R E A D  ---------------

Current thread (0x0000000016b8a800):  JavaThread "C2 CompilerThread0" daemon [_thread_in_native, id=8828, stack(0x0000000018480000,0x0000000018580000)]

Stack: [0x0000000018480000,0x0000000018580000]
[error occurred during error reporting (printing stack bounds), id 0xc0000005]

Native frames: (J=compiled Java code, j=interpreted, Vv=VM code, C=native code)


Current CompileTask:
C2:  41132 8702       4       java.io.ObjectOutputStream::writeClassDesc (60 bytes)


---------------  P R O C E S S  ---------------

Java Threads: ( => current thread )
  0x000000001cb90800 JavaThread "stdout" daemon [_thread_in_native, id=16316, stack(0x0000000023d70000,0x0000000023e70000)]
  0x000000001cb8c000 JavaThread "stderr" daemon [_thread_in_native, id=936, stack(0x0000000023c70000,0x0000000023d70000)]
  0x0000000019d25800 JavaThread "stdout" daemon [_thread_in_native, id=664, stack(0x0000000023b70000,0x0000000023c70000)]
  0x000000001c34c000 JavaThread "stderr" daemon [_thread_in_native, id=11644, stack(0x0000000023a70000,0x0000000023b70000)]
  0x000000001c34e000 JavaThread "stdout" daemon [_thread_in_native, id=9668, stack(0x0000000023970000,0x0000000023a70000)]
  0x000000001c34b000 JavaThread "stderr" daemon [_thread_in_native, id=2864, stack(0x0000000023870000,0x0000000023970000)]
  0x000000001c34a800 JavaThread "pool-2-thread-1" [_thread_blocked, id=14232, stack(0x0000000023770000,0x0000000023870000)]
  0x000000001c349800 JavaThread "ForkJoinPool.commonPool-worker-3" daemon [_thread_blocked, id=21384, stack(0x0000000023670000,0x0000000023770000)]
  0x000000001c348000 JavaThread "ForkJoinPool.commonPool-worker-2" daemon [_thread_blocked, id=5492, stack(0x0000000023570000,0x0000000023670000)]
  0x000000001c930800 JavaThread "Cache worker for execution history cache (C:\Users\Halid\Project\DigitalMenu\.gradle\5.1.1\executionHistory)" [_thread_blocked, id=13784, stack(0x0000000022a70000,0x0000000022b70000)]
  0x000000001c92e000 JavaThread "Execution worker for ':' Thread 3" [_thread_blocked, id=7980, stack(0x0000000022970000,0x0000000022a70000)]
  0x000000001c92d800 JavaThread "Execution worker for ':' Thread 2" [_thread_blocked, id=10756, stack(0x0000000022870000,0x0000000022970000)]
  0x000000001c92c800 JavaThread "Execution worker for ':'" [_thread_blocked, id=16244, stack(0x0000000022770000,0x0000000022870000)]
  0x000000001c932800 JavaThread "Cache worker for file content cache (C:\Users\Halid\Project\DigitalMenu\.gradle\5.1.1\fileContent)" [_thread_blocked, id=16328, stack(0x0000000022670000,0x0000000022770000)]
  0x000000001c92f000 JavaThread "Cache worker for file content cache (C:\Users\Halid\.gradle\caches\5.1.1\fileContent)" [_thread_blocked, id=18852, stack(0x00000000220c0000,0x00000000221c0000)]
  0x000000001c933800 JavaThread "Memory manager" [_thread_blocked, id=18032, stack(0x0000000021fc0000,0x00000000220c0000)]
  0x000000001c925000 JavaThread "Cache worker for Build Output Cleanup Cache (C:\Users\Halid\Project\DigitalMenu\.gradle\buildOutputCleanup)" [_thread_in_native, id=17384, stack(0x00000000212c0000,0x00000000213c0000)]
  0x000000001c929000 JavaThread "Build operations Thread 4" [_thread_blocked, id=12868, stack(0x0000000020b00000,0x0000000020c00000)]
  0x000000001c924000 JavaThread "Build operations Thread 3" [_thread_blocked, id=14896, stack(0x0000000020a00000,0x0000000020b00000)]
  0x000000001c926800 JavaThread "Build operations Thread 2" [_thread_blocked, id=9196, stack(0x0000000020900000,0x0000000020a00000)]
  0x000000001c927800 JavaThread "Build operations" [_thread_blocked, id=13932, stack(0x0000000020800000,0x0000000020900000)]
  0x000000001c92b000 JavaThread "Cache worker for execution history cache (C:\Users\Halid\.gradle\caches\5.1.1\executionHistory)" [_thread_blocked, id=4164, stack(0x0000000020300000,0x0000000020400000)]
  0x000000001c92a800 JavaThread "Cache worker for cache directory md-rule (C:\Users\Halid\.gradle\caches\5.1.1\md-rule)" [_thread_blocked, id=16832, stack(0x0000000020200000,0x0000000020300000)]
  0x000000001c929800 JavaThread "Cache worker for cache directory md-supplier (C:\Users\Halid\.gradle\caches\5.1.1\md-supplier)" [_thread_blocked, id=14640, stack(0x000000001eec0000,0x000000001efc0000)]
  0x0000000019d27000 JavaThread "Cache worker for file hash cache (C:\Users\Halid\Project\DigitalMenu\.gradle\5.1.1\fileHashes)" [_thread_blocked, id=7632, stack(0x000000001d2f0000,0x000000001d3f0000)]
  0x0000000019d2a800 JavaThread "Cache worker for journal cache (C:\Users\Halid\.gradle\caches\journal-1)" [_thread_blocked, id=14484, stack(0x000000001b050000,0x000000001b150000)]
  0x0000000019a8e000 JavaThread "File lock request listener" [_thread_in_native, id=17680, stack(0x000000001af50000,0x000000001b050000)]
  0x0000000019a8b000 JavaThread "Cache worker for file hash cache (C:\Users\Halid\.gradle\caches\5.1.1\fileHashes)" [_thread_blocked, id=11996, stack(0x000000001ae50000,0x000000001af50000)]
  0x00000000199b4800 JavaThread "Thread-8" [_thread_blocked, id=21204, stack(0x000000001ad50000,0x000000001ae50000)]
  0x00000000199b3800 JavaThread "Stdin handler" [_thread_blocked, id=5872, stack(0x000000001ac50000,0x000000001ad50000)]
  0x00000000199b3000 JavaThread "Asynchronous log dispatcher for DefaultDaemonConnection: socket connection from /127.0.0.1:52080 to /127.0.0.1:52081" [_thread_in_native, id=18828, stack(0x000000001ab50000,0x000000001ac50000)]
  0x00000000199ba000 JavaThread "Daemon worker" [_thread_blocked, id=2268, stack(0x000000001aa50000,0x000000001ab50000)]
  0x00000000199b8000 JavaThread "Cancel handler" [_thread_blocked, id=11792, stack(0x000000001a950000,0x000000001aa50000)]
  0x00000000199c0000 JavaThread "Handler for socket connection from /127.0.0.1:52080 to /127.0.0.1:52081" [_thread_in_native, id=11496, stack(0x000000001a650000,0x000000001a750000)]
  0x00000000199bd800 JavaThread "Daemon" [_thread_blocked, id=9052, stack(0x000000001a550000,0x000000001a650000)]
  0x0000000019885000 JavaThread "Daemon periodic checks" [_thread_blocked, id=10688, stack(0x000000001a450000,0x000000001a550000)]
  0x000000001986b000 JavaThread "Incoming local TCP Connector on port 52080" [_thread_in_native, id=14928, stack(0x000000001a350000,0x000000001a450000)]
  0x0000000017f04000 JavaThread "Service Thread" daemon [_thread_blocked, id=5988, stack(0x0000000018780000,0x0000000018880000)]
  0x0000000017e8d800 JavaThread "C1 CompilerThread2" daemon [_thread_blocked, id=7028, stack(0x0000000018680000,0x0000000018780000)]
  0x0000000016b8c000 JavaThread "C2 CompilerThread1" daemon [_thread_in_native, id=9820, stack(0x0000000018580000,0x0000000018680000)]
=>0x0000000016b8a800 JavaThread "C2 CompilerThread0" daemon [_thread_in_native, id=8828, stack(0x0000000018480000,0x0000000018580000)]
  0x0000000016b27800 JavaThread "Attach Listener" daemon [_thread_blocked, id=7540, stack(0x0000000018380000,0x0000000018480000)]
  0x0000000016b44000 JavaThread "Signal Dispatcher" daemon [_thread_blocked, id=9376, stack(0x0000000018280000,0x0000000018380000)]
  0x0000000016b19800 JavaThread "Finalizer" daemon [_thread_blocked, id=4896, stack(0x0000000017d80000,0x0000000017e80000)]
  0x00000000031b2000 JavaThread "Reference Handler" daemon [_thread_blocked, id=18200, stack(0x0000000017c80000,0x0000000017d80000)]
  0x00000000030bd800 JavaThread "main" [_thread_blocked, id=21460, stack(0x0000000002ed0000,0x0000000002fd0000)]

Other Threads:
  0x0000000016af7000 VMThread [stack: 0x0000000017b80000,0x0000000017c80000] [id=15904]
  0x0000000017f05000 WatcherThread [stack: 0x0000000018880000,0x0000000018980000] [id=15848]

VM state:not at safepoint (normal execution)

VM Mutex/Monitor currently owned by a thread: None

Heap:
 PSYoungGen      total 201216K, used 2909K [0x00000000e0000000, 0x00000000edc80000, 0x0000000100000000)
  eden space 180736K, 1% used [0x00000000e0000000,0x00000000e02d77e0,0x00000000eb080000)
  from space 20480K, 0% used [0x00000000ec880000,0x00000000ec880000,0x00000000edc80000)
  to   space 22528K, 0% used [0x00000000eb080000,0x00000000eb080000,0x00000000ec680000)
 ParOldGen       total 141312K, used 45613K [0x00000000a0000000, 0x00000000a8a00000, 0x00000000e0000000)
  object space 141312K, 32% used [0x00000000a0000000,0x00000000a2c8b798,0x00000000a8a00000)
 Metaspace       used 66800K, capacity 68739K, committed 69080K, reserved 1110016K
  class space    used 8925K, capacity 9359K, committed 9472K, reserved 1048576K

Card table byte_map: [0x0000000012580000,0x0000000012890000] byte_map_base: 0x0000000012080000

Marking Bits: (ParMarkBitMap*) 0x00000000553f5aa0
 Begin Bits: [0x0000000012e90000, 0x0000000014690000)
 End Bits:   [0x0000000014690000, 0x0000000015e90000)

Polling page: 0x0000000001250000

CodeCache: size=245760Kb used=24744Kb max_used=24987Kb free=221015Kb
 bounds [0x00000000031c0000, 0x0000000004a40000, 0x00000000121c0000]
 total_blobs=8411 nmethods=7571 adapters=752
 compilation: enabled

Compilation events (10 events):
Event: 41.059 Thread 0x0000000016b8a800 nmethod 8699% 0x0000000003994c50 code [0x0000000003994da0, 0x0000000003995278]
Event: 41.059 Thread 0x0000000016b8a800 8702       4       java.io.ObjectOutputStream::writeClassDesc (60 bytes)
Event: 41.067 Thread 0x0000000017e8d800 8715       3       java.security.ProtectionDomain::<init> (98 bytes)
Event: 41.069 Thread 0x0000000017e8d800 nmethod 8715 0x0000000003ea7a90 code [0x0000000003ea7c40, 0x0000000003ea85c8]
Event: 41.069 Thread 0x0000000017e8d800 8716       3       org.gradle.internal.serialize.AbstractEncoder$EncoderStream::write (11 bytes)
Event: 41.069 Thread 0x0000000017e8d800 nmethod 8716 0x0000000003b0a2d0 code [0x0000000003b0a440, 0x0000000003b0a668]
Event: 41.070 Thread 0x0000000017e8d800 8717   !   3       org.gradle.internal.serialize.ExceptionReplacingObjectOutputStream$1::transform (15 bytes)
Event: 41.078 Thread 0x0000000017e8d800 nmethod 8717 0x00000000036fe910 code [0x00000000036feae0, 0x00000000036ff318]
Event: 41.078 Thread 0x0000000017e8d800 8718       3       org.gradle.internal.serialize.ExceptionReplacingObjectOutputStream::doReplaceObject (25 bytes)
Event: 41.078 Thread 0x0000000017e8d800 nmethod 8718 0x0000000003a385d0 code [0x0000000003a38780, 0x0000000003a38e08]

GC Heap History (10 events):
Event: 19.786 GC heap before
{Heap before GC invocations=12 (full 2):
 PSYoungGen      total 149504K, used 149057K [0x00000000e0000000, 0x00000000ec200000, 0x0000000100000000)
  eden space 136192K, 99% used [0x00000000e0000000,0x00000000e8494430,0x00000000e8500000)
  from space 13312K, 99% used [0x00000000e8500000,0x00000000e91fc128,0x00000000e9200000)
  to   space 16384K, 0% used [0x00000000eb200000,0x00000000eb200000,0x00000000ec200000)
 ParOldGen       total 89600K, used 20231K [0x00000000a0000000, 0x00000000a5780000, 0x00000000e0000000)
  object space 89600K, 22% used [0x00000000a0000000,0x00000000a13c1da0,0x00000000a5780000)
 Metaspace       used 57483K, capacity 58944K, committed 59028K, reserved 1099776K
  class space    used 7779K, capacity 8141K, committed 8192K, reserved 1048576K
Event: 19.848 GC heap after
Heap after GC invocations=12 (full 2):
 PSYoungGen      total 177664K, used 16363K [0x00000000e0000000, 0x00000000ecb80000, 0x0000000100000000)
  eden space 161280K, 0% used [0x00000000e0000000,0x00000000e0000000,0x00000000e9d80000)
  from space 16384K, 99% used [0x00000000eb200000,0x00000000ec1fac28,0x00000000ec200000)
  to   space 20992K, 0% used [0x00000000e9d80000,0x00000000e9d80000,0x00000000eb200000)
 ParOldGen       total 89600K, used 26614K [0x00000000a0000000, 0x00000000a5780000, 0x00000000e0000000)
  object space 89600K, 29% used [0x00000000a0000000,0x00000000a19fdb90,0x00000000a5780000)
 Metaspace       used 57483K, capacity 58944K, committed 59028K, reserved 1099776K
  class space    used 7779K, capacity 8141K, committed 8192K, reserved 1048576K
}
Event: 19.848 GC heap before
{Heap before GC invocations=13 (full 3):
 PSYoungGen      total 177664K, used 16363K [0x00000000e0000000, 0x00000000ecb80000, 0x0000000100000000)
  eden space 161280K, 0% used [0x00000000e0000000,0x00000000e0000000,0x00000000e9d80000)
  from space 16384K, 99% used [0x00000000eb200000,0x00000000ec1fac28,0x00000000ec200000)
  to   space 20992K, 0% used [0x00000000e9d80000,0x00000000e9d80000,0x00000000eb200000)
 ParOldGen       total 89600K, used 26614K [0x00000000a0000000, 0x00000000a5780000, 0x00000000e0000000)
  object space 89600K, 29% used [0x00000000a0000000,0x00000000a19fdb90,0x00000000a5780000)
 Metaspace       used 57483K, capacity 58944K, committed 59028K, reserved 1099776K
  class space    used 7779K, capacity 8141K, committed 8192K, reserved 1048576K
Event: 20.438 GC heap after
Heap after GC invocations=13 (full 3):
 PSYoungGen      total 177664K, used 0K [0x00000000e0000000, 0x00000000ecb80000, 0x0000000100000000)
  eden space 161280K, 0% used [0x00000000e0000000,0x00000000e0000000,0x00000000e9d80000)
  from space 16384K, 0% used [0x00000000eb200000,0x00000000eb200000,0x00000000ec200000)
  to   space 20992K, 0% used [0x00000000e9d80000,0x00000000e9d80000,0x00000000eb200000)
 ParOldGen       total 141312K, used 37113K [0x00000000a0000000, 0x00000000a8a00000, 0x00000000e0000000)
  object space 141312K, 26% used [0x00000000a0000000,0x00000000a243e5d0,0x00000000a8a00000)
 Metaspace       used 57483K, capacity 58944K, committed 59028K, reserved 1099776K
  class space    used 7779K, capacity 8141K, committed 8192K, reserved 1048576K
}
Event: 30.754 GC heap before
{Heap before GC invocations=14 (full 3):
 PSYoungGen      total 177664K, used 161280K [0x00000000e0000000, 0x00000000ecb80000, 0x0000000100000000)
  eden space 161280K, 100% used [0x00000000e0000000,0x00000000e9d80000,0x00000000e9d80000)
  from space 16384K, 0% used [0x00000000eb200000,0x00000000eb200000,0x00000000ec200000)
  to   space 20992K, 0% used [0x00000000e9d80000,0x00000000e9d80000,0x00000000eb200000)
 ParOldGen       total 141312K, used 37113K [0x00000000a0000000, 0x00000000a8a00000, 0x00000000e0000000)
  object space 141312K, 26% used [0x00000000a0000000,0x00000000a243e5d0,0x00000000a8a00000)
 Metaspace       used 64702K, capacity 66644K, committed 66776K, reserved 1107968K
  class space    used 8698K, capacity 9143K, committed 9216K, reserved 1048576K
Event: 30.798 GC heap after
Heap after GC invocations=14 (full 3):
 PSYoungGen      total 182272K, used 14421K [0x00000000e0000000, 0x00000000edd80000, 0x0000000100000000)
  eden space 161280K, 0% used [0x00000000e0000000,0x00000000e0000000,0x00000000e9d80000)
  from space 20992K, 68% used [0x00000000e9d80000,0x00000000eab95500,0x00000000eb200000)
  to   space 21504K, 0% used [0x00000000ec880000,0x00000000ec880000,0x00000000edd80000)
 ParOldGen       total 141312K, used 37121K [0x00000000a0000000, 0x00000000a8a00000, 0x00000000e0000000)
  object space 141312K, 26% used [0x00000000a0000000,0x00000000a24405d0,0x00000000a8a00000)
 Metaspace       used 64702K, capacity 66644K, committed 66776K, reserved 1107968K
  class space    used 8698K, capacity 9143K, committed 9216K, reserved 1048576K
}
Event: 40.620 GC heap before
{Heap before GC invocations=15 (full 3):
 PSYoungGen      total 182272K, used 131419K [0x00000000e0000000, 0x00000000edd80000, 0x0000000100000000)
  eden space 161280K, 72% used [0x00000000e0000000,0x00000000e7241948,0x00000000e9d80000)
  from space 20992K, 68% used [0x00000000e9d80000,0x00000000eab95500,0x00000000eb200000)
  to   space 21504K, 0% used [0x00000000ec880000,0x00000000ec880000,0x00000000edd80000)
 ParOldGen       total 141312K, used 37121K [0x00000000a0000000, 0x00000000a8a00000, 0x00000000e0000000)
  object space 141312K, 26% used [0x00000000a0000000,0x00000000a24405d0,0x00000000a8a00000)
 Metaspace       used 66757K, capacity 68641K, committed 68696K, reserved 1107968K
  class space    used 8920K, capacity 9328K, committed 9344K, reserved 1048576K
Event: 40.661 GC heap after
Heap after GC invocations=15 (full 3):
 PSYoungGen      total 201216K, used 15972K [0x00000000e0000000, 0x00000000edc80000, 0x0000000100000000)
  eden space 180736K, 0% used [0x00000000e0000000,0x00000000e0000000,0x00000000eb080000)
  from space 20480K, 77% used [0x00000000ec880000,0x00000000ed8190a8,0x00000000edc80000)
  to   space 22528K, 0% used [0x00000000eb080000,0x00000000eb080000,0x00000000ec680000)
 ParOldGen       total 141312K, used 37129K [0x00000000a0000000, 0x00000000a8a00000, 0x00000000e0000000)
  object space 141312K, 26% used [0x00000000a0000000,0x00000000a24425d0,0x00000000a8a00000)
 Metaspace       used 66757K, capacity 68641K, committed 68696K, reserved 1107968K
  class space    used 8920K, capacity 9328K, committed 9344K, reserved 1048576K
}
Event: 40.661 GC heap before
{Heap before GC invocations=16 (full 4):
 PSYoungGen      total 201216K, used 15972K [0x00000000e0000000, 0x00000000edc80000, 0x0000000100000000)
  eden space 180736K, 0% used [0x00000000e0000000,0x00000000e0000000,0x00000000eb080000)
  from space 20480K, 77% used [0x00000000ec880000,0x00000000ed8190a8,0x00000000edc80000)
  to   space 22528K, 0% used [0x00000000eb080000,0x00000000eb080000,0x00000000ec680000)
 ParOldGen       total 141312K, used 37129K [0x00000000a0000000, 0x00000000a8a00000, 0x00000000e0000000)
  object space 141312K, 26% used [0x00000000a0000000,0x00000000a24425d0,0x00000000a8a00000)
 Metaspace       used 66757K, capacity 68641K, committed 68696K, reserved 1107968K
  class space    used 8920K, capacity 9328K, committed 9344K, reserved 1048576K
Event: 41.021 GC heap after
Heap after GC invocations=16 (full 4):
 PSYoungGen      total 201216K, used 0K [0x00000000e0000000, 0x00000000edc80000, 0x0000000100000000)
  eden space 180736K, 0% used [0x00000000e0000000,0x00000000e0000000,0x00000000eb080000)
  from space 20480K, 0% used [0x00000000ec880000,0x00000000ec880000,0x00000000edc80000)
  to   space 22528K, 0% used [0x00000000eb080000,0x00000000eb080000,0x00000000ec680000)
 ParOldGen       total 141312K, used 45613K [0x00000000a0000000, 0x00000000a8a00000, 0x00000000e0000000)
  object space 141312K, 32% used [0x00000000a0000000,0x00000000a2c8b798,0x00000000a8a00000)
 Metaspace       used 66738K, capacity 68589K, committed 68696K, reserved 1107968K
  class space    used 8914K, capacity 9318K, committed 9344K, reserved 1048576K
}

Deoptimization events (10 events):
Event: 41.028 Thread 0x00000000199b3000 Uncommon trap: reason=class_check action=maybe_recompile pc=0x000000000334c728 method=java.lang.String.equals(Ljava/lang/Object;)Z @ 8
Event: 41.028 Thread 0x00000000199b3000 Uncommon trap: reason=class_check action=maybe_recompile pc=0x000000000334c728 method=java.lang.String.equals(Ljava/lang/Object;)Z @ 8
Event: 41.028 Thread 0x00000000199b3000 Uncommon trap: reason=class_check action=maybe_recompile pc=0x000000000334c728 method=java.lang.String.equals(Ljava/lang/Object;)Z @ 8
Event: 41.028 Thread 0x00000000199b3000 Uncommon trap: reason=class_check action=maybe_recompile pc=0x0000000003c92db8 method=java.io.ObjectOutputStream$BlockDataOutputStream.drain()V @ 36
Event: 41.028 Thread 0x00000000199b3000 Uncommon trap: reason=class_check action=maybe_recompile pc=0x0000000003c92db8 method=java.io.ObjectOutputStream$BlockDataOutputStream.drain()V @ 36
Event: 41.028 Thread 0x00000000199b3000 Uncommon trap: reason=class_check action=maybe_recompile pc=0x0000000003ac6ac0 method=java.io.ObjectOutputStream$BlockDataOutputStream.drain()V @ 36
Event: 41.031 Thread 0x000000001c930800 Uncommon trap: reason=unstable_if action=reinterpret pc=0x0000000003f958f8 method=com.esotericsoftware.kryo.io.Output.writeString(Ljava/lang/CharSequence;)V @ 50
Event: 41.032 Thread 0x000000001c930800 Uncommon trap: reason=unstable_if action=reinterpret pc=0x0000000003b4a854 method=com.esotericsoftware.kryo.io.Output.writeString(Ljava/lang/CharSequence;)V @ 50
Event: 41.044 Thread 0x00000000199b3000 Uncommon trap: reason=unstable_if action=reinterpret pc=0x0000000003bfc82c method=org.gradle.internal.io.StreamByteBuffer.prepareRead()I @ 30
Event: 41.067 Thread 0x000000001c930800 Uncommon trap: reason=unstable_if action=reinterpret pc=0x0000000004a004ac method=java.io.BufferedOutputStream.write([BII)V @ 6

Classes redefined (0 events):
No events

Internal exceptions (10 events):
Event: 33.424 Thread 0x000000001c92d800 Implicit null exception at 0x00000000034b18bf to 0x00000000034b1add
Event: 33.458 Thread 0x000000001c92d800 Implicit null exception at 0x0000000004817ab5 to 0x0000000004817b39
Event: 33.851 Thread 0x000000001c92d800 Implicit null exception at 0x000000000487845f to 0x0000000004878b63
Event: 40.399 Thread 0x00000000199b4800 Exception <a 'java/lang/NoSuchMethodError': <clinit>> (0x00000000e45fe600) thrown at [D:\src\AOSP-openjdk-cygwin\jdk8u\hotspot\src\share\vm\prims\jni.cpp, line 1613]
Event: 40.400 Thread 0x00000000199b4800 Exception <a 'java/lang/NoSuchMethodError': <clinit>> (0x00000000e711bd80) thrown at [D:\src\AOSP-openjdk-cygwin\jdk8u\hotspot\src\share\vm\prims\jni.cpp, line 1613]
Event: 40.400 Thread 0x00000000199b4800 Implicit null exception at 0x0000000003cf3745 to 0x0000000003cf7295
Event: 40.619 Thread 0x00000000199b3000 Exception <a 'java/lang/NoSuchMethodError': <clinit>> (0x00000000e7211870) thrown at [D:\src\AOSP-openjdk-cygwin\jdk8u\hotspot\src\share\vm\prims\jni.cpp, line 1613]
Event: 41.026 Thread 0x00000000199b3000 Exception <a 'java/lang/NoSuchMethodError': <clinit>> (0x00000000e012fa68) thrown at [D:\src\AOSP-openjdk-cygwin\jdk8u\hotspot\src\share\vm\prims\jni.cpp, line 1613]
Event: 41.045 Thread 0x00000000199b3000 Exception <a 'java/lang/NoSuchMethodError': <clinit>> (0x00000000e0274ec0) thrown at [D:\src\AOSP-openjdk-cygwin\jdk8u\hotspot\src\share\vm\prims\jni.cpp, line 1613]
Event: 41.068 Thread 0x00000000199b3000 Exception <a 'java/lang/NoSuchMethodError': <clinit>> (0x00000000e02c0de0) thrown at [D:\src\AOSP-openjdk-cygwin\jdk8u\hotspot\src\share\vm\prims\jni.cpp, line 1613]

Events (10 events):
Event: 41.065 Thread 0x000000001c930800 DEOPT UNPACKING pc=0x00000000032071d0 sp=0x0000000022b6ddc8 mode 0
Event: 41.066 Thread 0x000000001c930800 DEOPT PACKING pc=0x000000000451ee19 sp=0x0000000022b6e0a0
Event: 41.066 Thread 0x000000001c930800 DEOPT UNPACKING pc=0x00000000032071d0 sp=0x0000000022b6ddc8 mode 0
Event: 41.066 Thread 0x000000001c930800 Uncommon trap: trap_request=0xffffff65 fr.pc=0x0000000004a004ac
Event: 41.066 Executing VM operation: RevokeBias
Event: 41.067 Executing VM operation: RevokeBias done
Event: 41.067 Thread 0x000000001c930800 DEOPT PACKING pc=0x0000000004a004ac sp=0x0000000022b6e2b0
Event: 41.067 Thread 0x000000001c930800 DEOPT UNPACKING pc=0x000000000320557b sp=0x0000000022b6e1f0 mode 2
Event: 41.075 Executing VM operation: CollectForMetadataAllocation
Event: 41.076 Executing VM operation: CollectForMetadataAllocation done


Dynamic libraries:
0x00007ff79aa10000 - 0x00007ff79aa41000 	C:\Program Files\Android\Android Studio\jre\bin\java.exe
0x00007ffb9b9a0000 - 0x00007ffb9bb81000 	C:\WINDOWS\SYSTEM32\ntdll.dll
0x00007ffb9ad90000 - 0x00007ffb9ae41000 	C:\WINDOWS\System32\KERNEL32.DLL
0x00007ffb980e0000 - 0x00007ffb98353000 	C:\WINDOWS\System32\KERNELBASE.dll
0x00007ffb98e30000 - 0x00007ffb98ed1000 	C:\WINDOWS\System32\ADVAPI32.dll
0x00007ffb99750000 - 0x00007ffb997ee000 	C:\WINDOWS\System32\msvcrt.dll
0x00007ffb99490000 - 0x00007ffb994eb000 	C:\WINDOWS\System32\sechost.dll
0x00007ffb99500000 - 0x00007ffb99624000 	C:\WINDOWS\System32\RPCRT4.dll
0x00007ffb9aec0000 - 0x00007ffb9b050000 	C:\WINDOWS\System32\USER32.dll
0x00007ffb97ec0000 - 0x00007ffb97ee0000 	C:\WINDOWS\System32\win32u.dll
0x00007ffb9ad60000 - 0x00007ffb9ad88000 	C:\WINDOWS\System32\GDI32.dll
0x00007ffb97f40000 - 0x00007ffb980d2000 	C:\WINDOWS\System32\gdi32full.dll
0x00007ffb98680000 - 0x00007ffb9871f000 	C:\WINDOWS\System32\msvcp_win.dll
0x00007ffb97dc0000 - 0x00007ffb97eb8000 	C:\WINDOWS\System32\ucrtbase.dll
0x00007ffb853e0000 - 0x00007ffb85649000 	C:\WINDOWS\WinSxS\amd64_microsoft.windows.common-controls_6595b64144ccf1df_6.0.17134.766_none_fb43a1f3306471ed\COMCTL32.dll
0x00007ffb99160000 - 0x00007ffb99482000 	C:\WINDOWS\System32\combase.dll
0x00007ffb98600000 - 0x00007ffb9867a000 	C:\WINDOWS\System32\bcryptPrimitives.dll
0x00007ffb9b5a0000 - 0x00007ffb9b5cd000 	C:\WINDOWS\System32\IMM32.DLL
0x00000000547d0000 - 0x00000000548a2000 	C:\Program Files\Android\Android Studio\jre\jre\bin\msvcr100.dll
0x0000000054c30000 - 0x0000000055471000 	C:\Program Files\Android\Android Studio\jre\jre\bin\server\jvm.dll
0x00007ffb9b4a0000 - 0x00007ffb9b4a8000 	C:\WINDOWS\System32\PSAPI.DLL
0x00007ffb93290000 - 0x00007ffb9329a000 	C:\WINDOWS\SYSTEM32\VERSION.dll
0x00007ffb932f0000 - 0x00007ffb932f9000 	C:\WINDOWS\SYSTEM32\WSOCK32.dll
0x00007ffb952a0000 - 0x00007ffb952c3000 	C:\WINDOWS\SYSTEM32\WINMM.dll
0x00007ffb990f0000 - 0x00007ffb9915c000 	C:\WINDOWS\System32\ws2_32.DLL
0x00007ffb95270000 - 0x00007ffb9529a000 	C:\WINDOWS\SYSTEM32\WINMMBASE.dll
0x00007ffb97d70000 - 0x00007ffb97db9000 	C:\WINDOWS\System32\cfgmgr32.dll
0x00007ffb92fd0000 - 0x00007ffb92fdf000 	C:\Program Files\Android\Android Studio\jre\jre\bin\verify.dll
0x00007ffb8c370000 - 0x00007ffb8c399000 	C:\Program Files\Android\Android Studio\jre\jre\bin\java.dll
0x00007ffb91ce0000 - 0x00007ffb91cf6000 	C:\Program Files\Android\Android Studio\jre\jre\bin\zip.dll
0x00007ffb997f0000 - 0x00007ffb9ac30000 	C:\WINDOWS\System32\SHELL32.dll
0x00007ffb98ee0000 - 0x00007ffb98f89000 	C:\WINDOWS\System32\shcore.dll
0x00007ffb98720000 - 0x00007ffb98e2d000 	C:\WINDOWS\System32\windows.storage.dll
0x00007ffb99650000 - 0x00007ffb996a1000 	C:\WINDOWS\System32\shlwapi.dll
0x00007ffb97cb0000 - 0x00007ffb97cc1000 	C:\WINDOWS\System32\kernel.appcore.dll
0x00007ffb97ce0000 - 0x00007ffb97cff000 	C:\WINDOWS\System32\profapi.dll
0x00007ffb97d20000 - 0x00007ffb97d6c000 	C:\WINDOWS\System32\powrprof.dll
0x00007ffb97cd0000 - 0x00007ffb97cda000 	C:\WINDOWS\System32\FLTLIB.DLL
0x00007ffb91410000 - 0x00007ffb9142a000 	C:\Program Files\Android\Android Studio\jre\jre\bin\net.dll
0x00007ffb97530000 - 0x00007ffb97596000 	C:\WINDOWS\system32\mswsock.dll
0x00007ffb8c010000 - 0x00007ffb8c021000 	C:\Program Files\Android\Android Studio\jre\jre\bin\nio.dll
0x00007ffb86260000 - 0x00007ffb8627e000 	C:\Users\Halid\.gradle\native\25\windows-amd64\native-platform.dll
0x00007ffb8ea00000 - 0x00007ffb8ea0d000 	C:\Program Files\Android\Android Studio\jre\jre\bin\management.dll
0x00007ffb976e0000 - 0x00007ffb976f7000 	C:\WINDOWS\SYSTEM32\CRYPTSP.dll
0x00007ffb970b0000 - 0x00007ffb970e3000 	C:\WINDOWS\system32\rsaenh.dll
0x00007ffb97810000 - 0x00007ffb97835000 	C:\WINDOWS\SYSTEM32\bcrypt.dll
0x00007ffb97bb0000 - 0x00007ffb97bd8000 	C:\WINDOWS\SYSTEM32\USERENV.dll
0x00007ffb97700000 - 0x00007ffb9770b000 	C:\WINDOWS\SYSTEM32\CRYPTBASE.dll
0x00007ffb972b0000 - 0x00007ffb972e8000 	C:\WINDOWS\SYSTEM32\IPHLPAPI.DLL
0x00007ffb9ae50000 - 0x00007ffb9ae58000 	C:\WINDOWS\System32\NSI.dll
0x00007ffb90450000 - 0x00007ffb90466000 	C:\WINDOWS\SYSTEM32\dhcpcsvc6.DLL
0x00007ffb90500000 - 0x00007ffb9051a000 	C:\WINDOWS\SYSTEM32\dhcpcsvc.DLL
0x00007ffb92f70000 - 0x00007ffb92f94000 	C:\Program Files\Android\Android Studio\jre\jre\bin\sunec.dll
0x00007ffb972f0000 - 0x00007ffb973ae000 	C:\WINDOWS\SYSTEM32\DNSAPI.dll
0x00007ffb8ba20000 - 0x00007ffb8ba2a000 	C:\Windows\System32\rasadhlp.dll
0x00007ffb8f640000 - 0x00007ffb8f6b2000 	C:\WINDOWS\System32\fwpuclnt.dll
0x00007ffb8c4a0000 - 0x00007ffb8c4ab000 	C:\Program Files\Android\Android Studio\jre\jre\bin\sunmscapi.dll
0x00007ffb98360000 - 0x00007ffb98542000 	C:\WINDOWS\System32\CRYPT32.dll
0x00007ffb97d00000 - 0x00007ffb97d12000 	C:\WINDOWS\System32\MSASN1.dll
0x00007ffb8eae0000 - 0x00007ffb8eaf6000 	C:\WINDOWS\system32\napinsp.dll
0x00007ffb91430000 - 0x00007ffb9144a000 	C:\WINDOWS\system32\pnrpnsp.dll
0x00007ffb94610000 - 0x00007ffb94629000 	C:\WINDOWS\system32\NLAapi.dll
0x00007ffb95360000 - 0x00007ffb9536e000 	C:\WINDOWS\System32\winrnr.dll
0x00007ffb909e0000 - 0x00007ffb909f5000 	C:\WINDOWS\System32\wshbth.dll

VM Arguments:
jvm_args: -Xmx1536m -Dfile.encoding=GBK -Duser.country=CN -Duser.language=zh -Duser.variant 
java_command: org.gradle.launcher.daemon.bootstrap.GradleDaemon 5.1.1
java_class_path (initial): C:\Users\Halid\.gradle\wrapper\dists\gradle-5.1.1-all\97z1ksx6lirer3kbvdnh7jtjg\gradle-5.1.1\lib\gradle-launcher-5.1.1.jar
Launcher Type: SUN_STANDARD

Environment Variables:
PATH=C:\Program Files (x86)\Common Files\Oracle\Java\javapath;C:\ProgramData\Oracle\Java\javapath;C:\WINDOWS\system32;C:\WINDOWS;C:\WINDOWS\System32\Wbem;C:\WINDOWS\System32\WindowsPowerShell\v1.0\;C:\Program Files (x86)\ATI Technologies\ATI.ACE\Core-Static;C:\Program Files (x86)\Skype\Phone\;C:\Program Files\MiKTeX 2.9\miktex\bin\x64\;C:\Program Files\MiKTeX 2.91\miktex\bin\x64\;C:\Program Files\PuTTY\;C:\WINDOWS\System32\OpenSSH\;C:\Program Files\Git\cmd;C:\Users\Halid\AppData\Local\Microsoft\WindowsApps;c:\altera\11.1\modelsim_ase\win32aloem;C:\Users\Halid\AppData\Local\Google\Cloud SDK\google-cloud-sdk\bin
USERNAME=Halid
OS=Windows_NT
PROCESSOR_IDENTIFIER=AMD64 Family 21 Model 48 Stepping 1, AuthenticAMD



---------------  S Y S T E M  ---------------

OS: Windows 10.0 , 64 bit Build 17134 (10.0.17134.753)

CPU:total 4 (initial active 4) (4 cores per cpu, 1 threads per core) family 21 model 48 stepping 1, cmov, cx8, fxsr, mmx, sse, sse2, sse3, ssse3, sse4.1, sse4.2, popcnt, avx, aes, clmul, mmxext, 3dnowpref, lzcnt, sse4a, tsc, tscinvbit, tscinv, bmi1

Memory: 4k page, physical 7290508k(1839676k free), swap 10362508k(104k free)

vm_info: OpenJDK 64-Bit Server VM (25.152-b01) for windows-amd64 JRE (1.8.0_152-release-1343-b01), built by "builder" with MS VC++ 10.0 (VS2010)

time: Mon Jun 03 10:42:34 2019
elapsed time: 41 seconds (0d 0h 0m 41s)

