#
# There is insufficient memory for the Java Runtime Environment to continue.
# Native memory allocation (malloc) failed to allocate 1113296 bytes for Chunk::new
# Possible reasons:
#   The system is out of physical RAM or swap space
#   In 32 bit mode, the process size limit was hit
# Possible solutions:
#   Reduce memory load on the system
#   Increase physical memory or swap space
#   Check if swap backing store is full
#   Use 64 bit Java on a 64 bit OS
#   Decrease Java heap size (-Xmx/-Xms)
#   Decrease number of Java threads
#   Decrease Java thread stack sizes (-Xss)
#   Set larger code cache with -XX:ReservedCodeCacheSize=
# This output file may be truncated or incomplete.
#
#  Out of Memory Error (allocation.cpp:390), pid=7032, tid=0x0000000000003930
#
# JRE version: OpenJDK Runtime Environment (8.0_152-b01) (build 1.8.0_152-release-1343-b01)
# Java VM: OpenJDK 64-Bit Server VM (25.152-b01 mixed mode windows-amd64 compressed oops)
# Failed to write core dump. Minidumps are not enabled by default on client versions of Windows
#

---------------  T H R E A D  ---------------

Current thread (0x00000000161ea800):  JavaThread "C2 CompilerThread0" daemon [_thread_in_native, id=14640, stack(0x0000000017af0000,0x0000000017bf0000)]

Stack: [0x0000000017af0000,0x0000000017bf0000]
[error occurred during error reporting (printing stack bounds), id 0xc0000005]

Native frames: (J=compiled Java code, j=interpreted, Vv=VM code, C=native code)


Current CompileTask:
C2:1527802 27563       4       com.android.tools.r8.ir.regalloc.LinearScanRegisterAllocator::computeLiveRanges (944 bytes)


---------------  P R O C E S S  ---------------

Java Threads: ( => current thread )
  0x000000001d281800 JavaThread "ForkJoinPool.commonPool-worker-2" daemon [_thread_in_Java, id=8220, stack(0x0000000033330000,0x0000000033430000)]
  0x000000001d280800 JavaThread "ForkJoinPool.commonPool-worker-3" daemon [_thread_in_native, id=15660, stack(0x0000000033230000,0x0000000033330000)]
  0x000000001d283000 JavaThread "ForkJoinPool.commonPool-worker-0" daemon [_thread_in_Java, id=13864, stack(0x0000000033130000,0x0000000033230000)]
  0x000000001d280000 JavaThread "Cache worker for Java compile cache (C:\Users\Halid\Project\DigitalMenu\.gradle\5.1.1\javaCompile)" [_thread_blocked, id=6016, stack(0x0000000032d30000,0x0000000032e30000)]
  0x000000001d277000 JavaThread "Cache worker for execution history cache (C:\Users\Halid\Project\DigitalMenu\.gradle\5.1.1\executionHistory)" [_thread_blocked, id=17648, stack(0x0000000032c30000,0x0000000032d30000)]
  0x000000001d27c000 JavaThread "Execution worker for ':' Thread 3" [_thread_blocked, id=13196, stack(0x0000000032b30000,0x0000000032c30000)]
  0x000000001d276000 JavaThread "Execution worker for ':' Thread 2" [_thread_blocked, id=7864, stack(0x0000000032a30000,0x0000000032b30000)]
  0x000000001d27b800 JavaThread "Execution worker for ':'" [_thread_blocked, id=20780, stack(0x0000000032930000,0x0000000032a30000)]
  0x000000001d27a800 JavaThread "Cache worker for file content cache (C:\Users\Halid\Project\DigitalMenu\.gradle\5.1.1\fileContent)" [_thread_blocked, id=21456, stack(0x0000000032830000,0x0000000032930000)]
  0x000000001b2d2800 JavaThread "Cache worker for Build Output Cleanup Cache (C:\Users\Halid\Project\DigitalMenu\.gradle\buildOutputCleanup)" [_thread_blocked, id=10036, stack(0x0000000032730000,0x0000000032830000)]
  0x000000001b2d2000 JavaThread "Build operations Thread 4" [_thread_blocked, id=15700, stack(0x0000000032630000,0x0000000032730000)]
  0x000000001b2d8800 JavaThread "Build operations Thread 3" [_thread_blocked, id=6644, stack(0x0000000032530000,0x0000000032630000)]
  0x000000001b2d1000 JavaThread "Build operations Thread 2" [_thread_blocked, id=10068, stack(0x0000000032430000,0x0000000032530000)]
  0x000000001b2d8000 JavaThread "Build operations" [_thread_blocked, id=19280, stack(0x0000000032330000,0x0000000032430000)]
  0x000000001b2d7000 JavaThread "Cache worker for cache directory md-rule (C:\Users\Halid\.gradle\caches\5.1.1\md-rule)" [_thread_blocked, id=2076, stack(0x0000000032230000,0x0000000032330000)]
  0x000000001b2d6800 JavaThread "Cache worker for cache directory md-supplier (C:\Users\Halid\.gradle\caches\5.1.1\md-supplier)" [_thread_blocked, id=9616, stack(0x0000000032130000,0x0000000032230000)]
  0x000000001b2cf000 JavaThread "Cache worker for file hash cache (C:\Users\Halid\Project\DigitalMenu\.gradle\5.1.1\fileHashes)" [_thread_blocked, id=4740, stack(0x0000000032030000,0x0000000032130000)]
  0x000000001b2d4000 JavaThread "Thread-165" [_thread_blocked, id=6660, stack(0x0000000031f30000,0x0000000032030000)]
  0x000000001b2d5800 JavaThread "Stdin handler" [_thread_blocked, id=20132, stack(0x0000000031e30000,0x0000000031f30000)]
  0x000000001b2d5000 JavaThread "Asynchronous log dispatcher for DefaultDaemonConnection: socket connection from /127.0.0.1:52118 to /127.0.0.1:52400" [_thread_blocked, id=7780, stack(0x0000000031d30000,0x0000000031e30000)]
  0x000000001b2d0800 JavaThread "Daemon worker Thread 6" [_thread_blocked, id=21492, stack(0x0000000031c30000,0x0000000031d30000)]
  0x000000001b2d3800 JavaThread "Cancel handler" [_thread_blocked, id=13432, stack(0x0000000031b30000,0x0000000031c30000)]
  0x000000001b2ca800 JavaThread "Handler for socket connection from /127.0.0.1:52118 to /127.0.0.1:52400" [_thread_in_native, id=21596, stack(0x0000000031a30000,0x0000000031b30000)]
  0x000000001b2ce000 JavaThread "Daemon Thread 6" [_thread_blocked, id=8252, stack(0x0000000031930000,0x0000000031a30000)]
  0x000000001b2cb000 JavaThread "Cache worker for Java compile cache (C:\Users\Halid\.gradle\caches\5.1.1\javaCompile)" [_thread_blocked, id=10704, stack(0x0000000025f30000,0x0000000026030000)]
  0x000000001d27f000 JavaThread "Cache worker for file content cache (C:\Users\Halid\.gradle\caches\5.1.1\fileContent)" [_thread_blocked, id=11348, stack(0x0000000022d90000,0x0000000022e90000)]
  0x000000001d27e800 JavaThread "Memory manager" [_thread_blocked, id=18748, stack(0x0000000022a90000,0x0000000022b90000)]
  0x000000001d277800 JavaThread "Cache worker for execution history cache (C:\Users\Halid\.gradle\caches\5.1.1\executionHistory)" [_thread_blocked, id=13704, stack(0x000000001f9e0000,0x000000001fae0000)]
  0x0000000018765000 JavaThread "Cache worker for journal cache (C:\Users\Halid\.gradle\caches\journal-1)" [_thread_blocked, id=22376, stack(0x000000001a7a0000,0x000000001a8a0000)]
  0x000000001872a800 JavaThread "File lock request listener" [_thread_in_native, id=17968, stack(0x000000001a6a0000,0x000000001a7a0000)]
  0x000000001757f000 JavaThread "Cache worker for file hash cache (C:\Users\Halid\.gradle\caches\5.1.1\fileHashes)" [_thread_blocked, id=5268, stack(0x000000001a5a0000,0x000000001a6a0000)]
  0x00000000190e1800 JavaThread "Daemon periodic checks" [_thread_blocked, id=8256, stack(0x0000000019ba0000,0x0000000019ca0000)]
  0x0000000018e38000 JavaThread "Incoming local TCP Connector on port 52118" [_thread_in_native, id=21460, stack(0x00000000199f0000,0x0000000019af0000)]
  0x0000000017575800 JavaThread "Service Thread" daemon [_thread_blocked, id=9196, stack(0x0000000017df0000,0x0000000017ef0000)]
  0x00000000174fc800 JavaThread "C1 CompilerThread2" daemon [_thread_blocked, id=4164, stack(0x0000000017cf0000,0x0000000017df0000)]
  0x00000000161ec000 JavaThread "C2 CompilerThread1" daemon [_thread_in_native, id=16832, stack(0x0000000017bf0000,0x0000000017cf0000)]
=>0x00000000161ea800 JavaThread "C2 CompilerThread0" daemon [_thread_in_native, id=14640, stack(0x0000000017af0000,0x0000000017bf0000)]
  0x0000000016187800 JavaThread "Attach Listener" daemon [_thread_blocked, id=21204, stack(0x00000000179f0000,0x0000000017af0000)]
  0x00000000161a4000 JavaThread "Signal Dispatcher" daemon [_thread_blocked, id=18828, stack(0x00000000178f0000,0x00000000179f0000)]
  0x0000000016179800 JavaThread "Finalizer" daemon [_thread_blocked, id=15848, stack(0x00000000173f0000,0x00000000174f0000)]
  0x0000000002812000 JavaThread "Reference Handler" daemon [_thread_blocked, id=7540, stack(0x00000000172f0000,0x00000000173f0000)]
  0x000000000220d800 JavaThread "main" [_thread_blocked, id=22448, stack(0x0000000002210000,0x0000000002310000)]

Other Threads:
  0x0000000016156800 VMThread [stack: 0x00000000171f0000,0x00000000172f0000] [id=9376]
  0x0000000017576000 WatcherThread [stack: 0x0000000017ef0000,0x0000000017ff0000] [id=14896]

VM state:not at safepoint (normal execution)

VM Mutex/Monitor currently owned by a thread: None

Heap:
 PSYoungGen      total 418816K, used 131324K [0x00000000e0000000, 0x00000000fe200000, 0x0000000100000000)
  eden space 347648K, 28% used [0x00000000e0000000,0x00000000e5fd0b88,0x00000000f5380000)
  from space 71168K, 46% used [0x00000000f9980000,0x00000000fb9ee7e0,0x00000000fdf00000)
  to   space 71680K, 0% used [0x00000000f5380000,0x00000000f5380000,0x00000000f9980000)
 ParOldGen       total 240128K, used 102686K [0x00000000a0000000, 0x00000000aea80000, 0x00000000e0000000)
  object space 240128K, 42% used [0x00000000a0000000,0x00000000a6447bb0,0x00000000aea80000)
 Metaspace       used 107155K, capacity 112536K, committed 112768K, reserved 1148928K
  class space    used 13245K, capacity 14177K, committed 14208K, reserved 1048576K

Card table byte_map: [0x0000000011be0000,0x0000000011ef0000] byte_map_base: 0x00000000116e0000

Marking Bits: (ParMarkBitMap*) 0x00000000553f5aa0
 Begin Bits: [0x00000000124f0000, 0x0000000013cf0000)
 End Bits:   [0x0000000013cf0000, 0x00000000154f0000)

Polling page: 0x0000000000550000

CodeCache: size=245760Kb used=78120Kb max_used=78826Kb free=167639Kb
 bounds [0x0000000002820000, 0x00000000075c0000, 0x0000000011820000]
 total_blobs=22920 nmethods=21978 adapters=852
 compilation: enabled

Compilation events (10 events):
Event: 1527.496 Thread 0x00000000174fc800 28297 %     3       com.android.tools.r8.ir.code.InvokeMethod::identicalAfterRegisterAllocation @ 31 (98 bytes)
Event: 1527.498 Thread 0x00000000174fc800 nmethod 28297% 0x0000000007202650 code [0x0000000007202860, 0x0000000007203448]
Event: 1527.500 Thread 0x00000000174fc800 28298       3       com.android.tools.r8.ir.code.InvokeMethod::identicalAfterRegisterAllocation (98 bytes)
Event: 1527.501 Thread 0x00000000174fc800 nmethod 28298 0x000000000747c610 code [0x000000000747c820, 0x000000000747d388]
Event: 1527.706 Thread 0x00000000174fc800 28299       2       com.google.common.collect.ImmutableList::copyOf (50 bytes)
Event: 1527.708 Thread 0x00000000174fc800 nmethod 28299 0x000000000577bf50 code [0x000000000577c100, 0x000000000577c458]
Event: 1527.740 Thread 0x00000000174fc800 28301 %     3       com.android.tools.r8.ir.regalloc.RegisterMoveScheduler::schedule @ 89 (292 bytes)
Event: 1527.744 Thread 0x00000000174fc800 nmethod 28301% 0x0000000005627a50 code [0x0000000005627de0, 0x0000000005629a58]
Event: 1527.746 Thread 0x00000000174fc800 28302       3       com.android.tools.r8.ir.regalloc.RegisterMoveScheduler::schedule (292 bytes)
Event: 1527.750 Thread 0x00000000174fc800 nmethod 28302 0x0000000006f6a310 code [0x0000000006f6a6e0, 0x0000000006f6c448]

GC Heap History (10 events):
Event: 1516.835 GC heap before
{Heap before GC invocations=46 (full 4):
 PSYoungGen      total 419328K, used 394207K [0x00000000e0000000, 0x00000000fe200000, 0x0000000100000000)
  eden space 347648K, 100% used [0x00000000e0000000,0x00000000f5380000,0x00000000f5380000)
  from space 71680K, 64% used [0x00000000f5380000,0x00000000f80f7e08,0x00000000f9980000)
  to   space 71168K, 0% used [0x00000000f9980000,0x00000000f9980000,0x00000000fdf00000)
 ParOldGen       total 240128K, used 84901K [0x00000000a0000000, 0x00000000aea80000, 0x00000000e0000000)
  object space 240128K, 35% used [0x00000000a0000000,0x00000000a52e95e8,0x00000000aea80000)
 Metaspace       used 106893K, capacity 112292K, committed 112512K, reserved 1146880K
  class space    used 13235K, capacity 14141K, committed 14208K, reserved 1048576K
Event: 1516.927 GC heap after
Heap after GC invocations=46 (full 4):
 PSYoungGen      total 418816K, used 45107K [0x00000000e0000000, 0x00000000fe200000, 0x0000000100000000)
  eden space 347648K, 0% used [0x00000000e0000000,0x00000000e0000000,0x00000000f5380000)
  from space 71168K, 63% used [0x00000000f9980000,0x00000000fc58cd68,0x00000000fdf00000)
  to   space 71680K, 0% used [0x00000000f5380000,0x00000000f5380000,0x00000000f9980000)
 ParOldGen       total 240128K, used 85061K [0x00000000a0000000, 0x00000000aea80000, 0x00000000e0000000)
  object space 240128K, 35% used [0x00000000a0000000,0x00000000a53115e8,0x00000000aea80000)
 Metaspace       used 106893K, capacity 112292K, committed 112512K, reserved 1146880K
  class space    used 13235K, capacity 14141K, committed 14208K, reserved 1048576K
}
Event: 1519.285 GC heap before
{Heap before GC invocations=47 (full 4):
 PSYoungGen      total 418816K, used 392755K [0x00000000e0000000, 0x00000000fe200000, 0x0000000100000000)
  eden space 347648K, 100% used [0x00000000e0000000,0x00000000f5380000,0x00000000f5380000)
  from space 71168K, 63% used [0x00000000f9980000,0x00000000fc58cd68,0x00000000fdf00000)
  to   space 71680K, 0% used [0x00000000f5380000,0x00000000f5380000,0x00000000f9980000)
 ParOldGen       total 240128K, used 85061K [0x00000000a0000000, 0x00000000aea80000, 0x00000000e0000000)
  object space 240128K, 35% used [0x00000000a0000000,0x00000000a53115e8,0x00000000aea80000)
 Metaspace       used 106934K, capacity 112296K, committed 112512K, reserved 1146880K
  class space    used 13235K, capacity 14141K, committed 14208K, reserved 1048576K
Event: 1519.441 GC heap after
Heap after GC invocations=47 (full 4):
 PSYoungGen      total 419328K, used 36302K [0x00000000e0000000, 0x00000000fe200000, 0x0000000100000000)
  eden space 347648K, 0% used [0x00000000e0000000,0x00000000e0000000,0x00000000f5380000)
  from space 71680K, 50% used [0x00000000f5380000,0x00000000f76f3b50,0x00000000f9980000)
  to   space 71168K, 0% used [0x00000000f9980000,0x00000000f9980000,0x00000000fdf00000)
 ParOldGen       total 240128K, used 90821K [0x00000000a0000000, 0x00000000aea80000, 0x00000000e0000000)
  object space 240128K, 37% used [0x00000000a0000000,0x00000000a58b1700,0x00000000aea80000)
 Metaspace       used 106934K, capacity 112296K, committed 112512K, reserved 1146880K
  class space    used 13235K, capacity 14141K, committed 14208K, reserved 1048576K
}
Event: 1521.980 GC heap before
{Heap before GC invocations=48 (full 4):
 PSYoungGen      total 419328K, used 383950K [0x00000000e0000000, 0x00000000fe200000, 0x0000000100000000)
  eden space 347648K, 100% used [0x00000000e0000000,0x00000000f5380000,0x00000000f5380000)
  from space 71680K, 50% used [0x00000000f5380000,0x00000000f76f3b50,0x00000000f9980000)
  to   space 71168K, 0% used [0x00000000f9980000,0x00000000f9980000,0x00000000fdf00000)
 ParOldGen       total 240128K, used 90821K [0x00000000a0000000, 0x00000000aea80000, 0x00000000e0000000)
  object space 240128K, 37% used [0x00000000a0000000,0x00000000a58b1700,0x00000000aea80000)
 Metaspace       used 106994K, capacity 112362K, committed 112512K, reserved 1146880K
  class space    used 13236K, capacity 14142K, committed 14208K, reserved 1048576K
Event: 1522.079 GC heap after
Heap after GC invocations=48 (full 4):
 PSYoungGen      total 418816K, used 34381K [0x00000000e0000000, 0x00000000fe200000, 0x0000000100000000)
  eden space 347648K, 0% used [0x00000000e0000000,0x00000000e0000000,0x00000000f5380000)
  from space 71168K, 48% used [0x00000000f9980000,0x00000000fbb13518,0x00000000fdf00000)
  to   space 71680K, 0% used [0x00000000f5380000,0x00000000f5380000,0x00000000f9980000)
 ParOldGen       total 240128K, used 94358K [0x00000000a0000000, 0x00000000aea80000, 0x00000000e0000000)
  object space 240128K, 39% used [0x00000000a0000000,0x00000000a5c25898,0x00000000aea80000)
 Metaspace       used 106994K, capacity 112362K, committed 112512K, reserved 1146880K
  class space    used 13236K, capacity 14142K, committed 14208K, reserved 1048576K
}
Event: 1524.230 GC heap before
{Heap before GC invocations=49 (full 4):
 PSYoungGen      total 418816K, used 382029K [0x00000000e0000000, 0x00000000fe200000, 0x0000000100000000)
  eden space 347648K, 100% used [0x00000000e0000000,0x00000000f5380000,0x00000000f5380000)
  from space 71168K, 48% used [0x00000000f9980000,0x00000000fbb13518,0x00000000fdf00000)
  to   space 71680K, 0% used [0x00000000f5380000,0x00000000f5380000,0x00000000f9980000)
 ParOldGen       total 240128K, used 95039K [0x00000000a0000000, 0x00000000aea80000, 0x00000000e0000000)
  object space 240128K, 39% used [0x00000000a0000000,0x00000000a5ccfea0,0x00000000aea80000)
 Metaspace       used 107039K, capacity 112466K, committed 112512K, reserved 1146880K
  class space    used 13239K, capacity 14176K, committed 14208K, reserved 1048576K
Event: 1524.304 GC heap after
Heap after GC invocations=49 (full 4):
 PSYoungGen      total 419328K, used 30312K [0x00000000e0000000, 0x00000000fe200000, 0x0000000100000000)
  eden space 347648K, 0% used [0x00000000e0000000,0x00000000e0000000,0x00000000f5380000)
  from space 71680K, 42% used [0x00000000f5380000,0x00000000f711a1a8,0x00000000f9980000)
  to   space 71168K, 0% used [0x00000000f9980000,0x00000000f9980000,0x00000000fdf00000)
 ParOldGen       total 240128K, used 101479K [0x00000000a0000000, 0x00000000aea80000, 0x00000000e0000000)
  object space 240128K, 42% used [0x00000000a0000000,0x00000000a6319d58,0x00000000aea80000)
 Metaspace       used 107039K, capacity 112466K, committed 112512K, reserved 1146880K
  class space    used 13239K, capacity 14176K, committed 14208K, reserved 1048576K
}
Event: 1526.582 GC heap before
{Heap before GC invocations=50 (full 4):
 PSYoungGen      total 419328K, used 377960K [0x00000000e0000000, 0x00000000fe200000, 0x0000000100000000)
  eden space 347648K, 100% used [0x00000000e0000000,0x00000000f5380000,0x00000000f5380000)
  from space 71680K, 42% used [0x00000000f5380000,0x00000000f711a1a8,0x00000000f9980000)
  to   space 71168K, 0% used [0x00000000f9980000,0x00000000f9980000,0x00000000fdf00000)
 ParOldGen       total 240128K, used 101481K [0x00000000a0000000, 0x00000000aea80000, 0x00000000e0000000)
  object space 240128K, 42% used [0x00000000a0000000,0x00000000a631a4a0,0x00000000aea80000)
 Metaspace       used 107089K, capacity 112472K, committed 112512K, reserved 1146880K
  class space    used 13240K, capacity 14177K, committed 14208K, reserved 1048576K
Event: 1526.667 GC heap after
Heap after GC invocations=50 (full 4):
 PSYoungGen      total 418816K, used 33209K [0x00000000e0000000, 0x00000000fe200000, 0x0000000100000000)
  eden space 347648K, 0% used [0x00000000e0000000,0x00000000e0000000,0x00000000f5380000)
  from space 71168K, 46% used [0x00000000f9980000,0x00000000fb9ee7e0,0x00000000fdf00000)
  to   space 71680K, 0% used [0x00000000f5380000,0x00000000f5380000,0x00000000f9980000)
 ParOldGen       total 240128K, used 102686K [0x00000000a0000000, 0x00000000aea80000, 0x00000000e0000000)
  object space 240128K, 42% used [0x00000000a0000000,0x00000000a6447bb0,0x00000000aea80000)
 Metaspace       used 107089K, capacity 112472K, committed 112512K, reserved 1146880K
  class space    used 13240K, capacity 14177K, committed 14208K, reserved 1048576K
}

Deoptimization events (10 events):
Event: 1521.737 Thread 0x000000001d281800 Uncommon trap: reason=unstable_if action=reinterpret pc=0x0000000006449170 method=java.util.concurrent.ConcurrentHashMap.computeIfAbsent(Ljava/lang/Object;Ljava/util/function/Function;)Ljava/lang/Object; @ 456
Event: 1522.686 Thread 0x000000001d280800 Uncommon trap: reason=array_check action=maybe_recompile pc=0x0000000005506548 method=java.util.TimSort.mergeHi(IIII)V @ 171
Event: 1522.794 Thread 0x000000001d281800 Uncommon trap: reason=array_check action=maybe_recompile pc=0x0000000005506548 method=java.util.TimSort.mergeHi(IIII)V @ 171
Event: 1523.694 Thread 0x000000001d281800 Uncommon trap: reason=unstable_if action=reinterpret pc=0x00000000072fa29c method=com.android.tools.r8.ir.regalloc.LinearScanRegisterAllocator.allocateSingleInterval(Lcom/android/tools/r8/ir/regalloc/LiveIntervals;Lcom/android/tools/r8/ir/regalloc/LinearS
Event: 1523.759 Thread 0x000000001d283000 Uncommon trap: reason=unstable_if action=reinterpret pc=0x0000000007458434 method=com.android.tools.r8.ir.desugar.InterfaceMethodRewriter.rewriteMethodReferences(Lcom/android/tools/r8/graph/DexEncodedMethod;Lcom/android/tools/r8/ir/code/IRCode;)V @ 218
Event: 1523.763 Thread 0x000000001d283000 Uncommon trap: reason=unstable_if action=reinterpret pc=0x000000000482f184 method=org.gradle.internal.operations.logging.LoggingBuildOperationProgressBroadcaster.onOutput(Lorg/gradle/internal/logging/events/OutputEvent;)V @ 16
Event: 1524.979 Thread 0x000000001d281800 Uncommon trap: reason=unstable_if action=reinterpret pc=0x000000000708f770 method=com.android.tools.r8.ir.optimize.MoveEliminator.shouldBeEliminated(Lcom/android/tools/r8/ir/code/Instruction;)Z @ 148
Event: 1525.094 Thread 0x000000001d281800 Uncommon trap: reason=class_check action=maybe_recompile pc=0x0000000007554b74 method=com.android.tools.r8.ir.code.Value.numberOfUsers()I @ 19
Event: 1525.367 Thread 0x000000001d281800 Uncommon trap: reason=unstable_if action=reinterpret pc=0x000000000437c280 method=java.util.concurrent.ConcurrentHashMap.putVal(Ljava/lang/Object;Ljava/lang/Object;Z)Ljava/lang/Object; @ 152
Event: 1526.516 Thread 0x000000001d283000 Uncommon trap: reason=unstable_if action=reinterpret pc=0x00000000057d2b04 method=java.util.TimSort.mergeLo(IIII)V @ 513

Classes redefined (0 events):
No events

Internal exceptions (10 events):
Event: 1513.738 Thread 0x000000001d27b800 Exception <a 'sun/nio/fs/WindowsException'> (0x00000000ee73c008) thrown at [D:\src\AOSP-openjdk-cygwin\jdk8u\hotspot\src\share\vm\prims\jni.cpp, line 709]
Event: 1513.833 Thread 0x000000001d27b800 Exception <a 'sun/nio/fs/WindowsException'> (0x00000000ee76e7f0) thrown at [D:\src\AOSP-openjdk-cygwin\jdk8u\hotspot\src\share\vm\prims\jni.cpp, line 709]
Event: 1513.979 Thread 0x000000001d27b800 Exception <a 'sun/nio/fs/WindowsException'> (0x00000000f08ac058) thrown at [D:\src\AOSP-openjdk-cygwin\jdk8u\hotspot\src\share\vm\prims\jni.cpp, line 709]
Event: 1514.055 Thread 0x000000001d27b800 Exception <a 'sun/nio/fs/WindowsException'> (0x00000000f0f03148) thrown at [D:\src\AOSP-openjdk-cygwin\jdk8u\hotspot\src\share\vm\prims\jni.cpp, line 709]
Event: 1514.141 Thread 0x000000001d27b800 Exception <a 'sun/nio/fs/WindowsException'> (0x00000000f1f96e10) thrown at [D:\src\AOSP-openjdk-cygwin\jdk8u\hotspot\src\share\vm\prims\jni.cpp, line 709]
Event: 1514.182 Thread 0x000000001d27b800 Exception <a 'sun/nio/fs/WindowsException'> (0x00000000f1fc9a00) thrown at [D:\src\AOSP-openjdk-cygwin\jdk8u\hotspot\src\share\vm\prims\jni.cpp, line 709]
Event: 1514.394 Thread 0x000000001d27b800 Exception <a 'sun/nio/fs/WindowsException'> (0x00000000f48e3508) thrown at [D:\src\AOSP-openjdk-cygwin\jdk8u\hotspot\src\share\vm\prims\jni.cpp, line 709]
Event: 1514.672 Thread 0x000000001d27b800 Exception <a 'sun/nio/fs/WindowsException'> (0x00000000e0031e80) thrown at [D:\src\AOSP-openjdk-cygwin\jdk8u\hotspot\src\share\vm\prims\jni.cpp, line 709]
Event: 1516.129 Thread 0x000000001d281800 Implicit null exception at 0x000000000586c80f to 0x000000000586c979
Event: 1523.759 Thread 0x000000001d283000 Implicit null exception at 0x0000000007454e10 to 0x00000000074583fd

Events (10 events):
Event: 1527.325 Thread 0x000000001d283000 DEOPT PACKING pc=0x00000000055bfaf5 sp=0x000000003322e080
Event: 1527.325 Thread 0x000000001d283000 DEOPT UNPACKING pc=0x00000000028671d0 sp=0x000000003322deb0 mode 0
Event: 1527.552 Thread 0x000000001d280800 DEOPT PACKING pc=0x00000000047191fe sp=0x000000003332e690
Event: 1527.552 Thread 0x000000001d280800 DEOPT UNPACKING pc=0x00000000028671d0 sp=0x000000003332e400 mode 0
Event: 1527.720 Thread 0x000000001d283000 DEOPT PACKING pc=0x00000000052657c7 sp=0x000000003322df60
Event: 1527.721 Thread 0x000000001d283000 DEOPT UNPACKING pc=0x00000000028671d0 sp=0x000000003322dd08 mode 0
Event: 1527.731 Thread 0x000000001d283000 DEOPT PACKING pc=0x00000000055bfaf5 sp=0x000000003322e080
Event: 1527.731 Thread 0x000000001d283000 DEOPT UNPACKING pc=0x00000000028671d0 sp=0x000000003322deb0 mode 0
Event: 1527.756 Thread 0x000000001d283000 DEOPT PACKING pc=0x0000000004f14416 sp=0x000000003322df10
Event: 1527.756 Thread 0x000000001d283000 DEOPT UNPACKING pc=0x00000000028671d0 sp=0x000000003322dca8 mode 0


Dynamic libraries:
0x00007ff79aa10000 - 0x00007ff79aa41000 	C:\Program Files\Android\Android Studio\jre\bin\java.exe
0x00007ffb9b9a0000 - 0x00007ffb9bb81000 	C:\WINDOWS\SYSTEM32\ntdll.dll
0x00007ffb9ad90000 - 0x00007ffb9ae41000 	C:\WINDOWS\System32\KERNEL32.DLL
0x00007ffb980e0000 - 0x00007ffb98353000 	C:\WINDOWS\System32\KERNELBASE.dll
0x00007ffb98e30000 - 0x00007ffb98ed1000 	C:\WINDOWS\System32\ADVAPI32.dll
0x00007ffb99750000 - 0x00007ffb997ee000 	C:\WINDOWS\System32\msvcrt.dll
0x00007ffb99490000 - 0x00007ffb994eb000 	C:\WINDOWS\System32\sechost.dll
0x00007ffb99500000 - 0x00007ffb99624000 	C:\WINDOWS\System32\RPCRT4.dll
0x00007ffb9aec0000 - 0x00007ffb9b050000 	C:\WINDOWS\System32\USER32.dll
0x00007ffb97ec0000 - 0x00007ffb97ee0000 	C:\WINDOWS\System32\win32u.dll
0x00007ffb9ad60000 - 0x00007ffb9ad88000 	C:\WINDOWS\System32\GDI32.dll
0x00007ffb97f40000 - 0x00007ffb980d2000 	C:\WINDOWS\System32\gdi32full.dll
0x00007ffb98680000 - 0x00007ffb9871f000 	C:\WINDOWS\System32\msvcp_win.dll
0x00007ffb97dc0000 - 0x00007ffb97eb8000 	C:\WINDOWS\System32\ucrtbase.dll
0x00007ffb853e0000 - 0x00007ffb85649000 	C:\WINDOWS\WinSxS\amd64_microsoft.windows.common-controls_6595b64144ccf1df_6.0.17134.766_none_fb43a1f3306471ed\COMCTL32.dll
0x00007ffb99160000 - 0x00007ffb99482000 	C:\WINDOWS\System32\combase.dll
0x00007ffb98600000 - 0x00007ffb9867a000 	C:\WINDOWS\System32\bcryptPrimitives.dll
0x00007ffb9b5a0000 - 0x00007ffb9b5cd000 	C:\WINDOWS\System32\IMM32.DLL
0x0000000057040000 - 0x0000000057112000 	C:\Program Files\Android\Android Studio\jre\jre\bin\msvcr100.dll
0x0000000054c30000 - 0x0000000055471000 	C:\Program Files\Android\Android Studio\jre\jre\bin\server\jvm.dll
0x00007ffb9b4a0000 - 0x00007ffb9b4a8000 	C:\WINDOWS\System32\PSAPI.DLL
0x00007ffb93290000 - 0x00007ffb9329a000 	C:\WINDOWS\SYSTEM32\VERSION.dll
0x00007ffb952a0000 - 0x00007ffb952c3000 	C:\WINDOWS\SYSTEM32\WINMM.dll
0x00007ffb95270000 - 0x00007ffb9529a000 	C:\WINDOWS\SYSTEM32\winmmbase.dll
0x00007ffb97d70000 - 0x00007ffb97db9000 	C:\WINDOWS\System32\cfgmgr32.dll
0x00007ffb932f0000 - 0x00007ffb932f9000 	C:\WINDOWS\SYSTEM32\WSOCK32.dll
0x00007ffb990f0000 - 0x00007ffb9915c000 	C:\WINDOWS\System32\WS2_32.dll
0x00007ffb92fd0000 - 0x00007ffb92fdf000 	C:\Program Files\Android\Android Studio\jre\jre\bin\verify.dll
0x00007ffb8c370000 - 0x00007ffb8c399000 	C:\Program Files\Android\Android Studio\jre\jre\bin\java.dll
0x00007ffb91ce0000 - 0x00007ffb91cf6000 	C:\Program Files\Android\Android Studio\jre\jre\bin\zip.dll
0x00007ffb997f0000 - 0x00007ffb9ac30000 	C:\WINDOWS\System32\SHELL32.dll
0x00007ffb98ee0000 - 0x00007ffb98f89000 	C:\WINDOWS\System32\shcore.dll
0x00007ffb98720000 - 0x00007ffb98e2d000 	C:\WINDOWS\System32\windows.storage.dll
0x00007ffb99650000 - 0x00007ffb996a1000 	C:\WINDOWS\System32\shlwapi.dll
0x00007ffb97cb0000 - 0x00007ffb97cc1000 	C:\WINDOWS\System32\kernel.appcore.dll
0x00007ffb97ce0000 - 0x00007ffb97cff000 	C:\WINDOWS\System32\profapi.dll
0x00007ffb97d20000 - 0x00007ffb97d6c000 	C:\WINDOWS\System32\powrprof.dll
0x00007ffb97cd0000 - 0x00007ffb97cda000 	C:\WINDOWS\System32\FLTLIB.DLL
0x00007ffb91410000 - 0x00007ffb9142a000 	C:\Program Files\Android\Android Studio\jre\jre\bin\net.dll
0x00007ffb97530000 - 0x00007ffb97596000 	C:\WINDOWS\system32\mswsock.dll
0x00007ffb8c010000 - 0x00007ffb8c021000 	C:\Program Files\Android\Android Studio\jre\jre\bin\nio.dll
0x00007ffb86260000 - 0x00007ffb8627e000 	C:\Users\Halid\.gradle\native\25\windows-amd64\native-platform.dll
0x00007ffb8ea00000 - 0x00007ffb8ea0d000 	C:\Program Files\Android\Android Studio\jre\jre\bin\management.dll
0x00007ffb976e0000 - 0x00007ffb976f7000 	C:\WINDOWS\SYSTEM32\CRYPTSP.dll
0x00007ffb970b0000 - 0x00007ffb970e3000 	C:\WINDOWS\system32\rsaenh.dll
0x00007ffb97810000 - 0x00007ffb97835000 	C:\WINDOWS\SYSTEM32\bcrypt.dll
0x00007ffb97bb0000 - 0x00007ffb97bd8000 	C:\WINDOWS\SYSTEM32\USERENV.dll
0x00007ffb97700000 - 0x00007ffb9770b000 	C:\WINDOWS\SYSTEM32\CRYPTBASE.dll
0x00007ffb972b0000 - 0x00007ffb972e8000 	C:\WINDOWS\SYSTEM32\IPHLPAPI.DLL
0x00007ffb9ae50000 - 0x00007ffb9ae58000 	C:\WINDOWS\System32\NSI.dll
0x00007ffb90450000 - 0x00007ffb90466000 	C:\WINDOWS\SYSTEM32\dhcpcsvc6.DLL
0x00007ffb90500000 - 0x00007ffb9051a000 	C:\WINDOWS\SYSTEM32\dhcpcsvc.DLL
0x00007ffb92f70000 - 0x00007ffb92f94000 	C:\Program Files\Android\Android Studio\jre\jre\bin\sunec.dll
0x00007ffb972f0000 - 0x00007ffb973ae000 	C:\WINDOWS\SYSTEM32\DNSAPI.dll
0x00007ffb8ba20000 - 0x00007ffb8ba2a000 	C:\Windows\System32\rasadhlp.dll
0x00007ffb8f640000 - 0x00007ffb8f6b2000 	C:\WINDOWS\System32\fwpuclnt.dll
0x00007ffb8c4a0000 - 0x00007ffb8c4ab000 	C:\Program Files\Android\Android Studio\jre\jre\bin\sunmscapi.dll
0x00007ffb98360000 - 0x00007ffb98542000 	C:\WINDOWS\System32\CRYPT32.dll
0x00007ffb97d00000 - 0x00007ffb97d12000 	C:\WINDOWS\System32\MSASN1.dll
0x00007ffb8eae0000 - 0x00007ffb8eaf6000 	C:\WINDOWS\system32\napinsp.dll
0x00007ffb91430000 - 0x00007ffb9144a000 	C:\WINDOWS\system32\pnrpnsp.dll
0x00007ffb94610000 - 0x00007ffb94629000 	C:\WINDOWS\system32\NLAapi.dll
0x00007ffb95360000 - 0x00007ffb9536e000 	C:\WINDOWS\System32\winrnr.dll
0x00007ffb909e0000 - 0x00007ffb909f5000 	C:\WINDOWS\System32\wshbth.dll
0x00007ffb96eb0000 - 0x00007ffb96ee1000 	C:\WINDOWS\SYSTEM32\ntmarta.dll

VM Arguments:
jvm_args: -Xmx1536m -Dfile.encoding=GBK -Duser.country=CN -Duser.language=zh -Duser.variant 
java_command: org.gradle.launcher.daemon.bootstrap.GradleDaemon 5.1.1
java_class_path (initial): C:\Users\Halid\.gradle\wrapper\dists\gradle-5.1.1-all\97z1ksx6lirer3kbvdnh7jtjg\gradle-5.1.1\lib\gradle-launcher-5.1.1.jar
Launcher Type: SUN_STANDARD

Environment Variables:
PATH=C:\Program Files (x86)\Common Files\Oracle\Java\javapath;C:\ProgramData\Oracle\Java\javapath;C:\WINDOWS\system32;C:\WINDOWS;C:\WINDOWS\System32\Wbem;C:\WINDOWS\System32\WindowsPowerShell\v1.0\;C:\Program Files (x86)\ATI Technologies\ATI.ACE\Core-Static;C:\Program Files (x86)\Skype\Phone\;C:\Program Files\MiKTeX 2.9\miktex\bin\x64\;C:\Program Files\MiKTeX 2.91\miktex\bin\x64\;C:\Program Files\PuTTY\;C:\WINDOWS\System32\OpenSSH\;C:\Program Files\Git\cmd;C:\Users\Halid\AppData\Local\Microsoft\WindowsApps;c:\altera\11.1\modelsim_ase\win32aloem;C:\Users\Halid\AppData\Local\Google\Cloud SDK\google-cloud-sdk\bin
USERNAME=Halid
OS=Windows_NT
PROCESSOR_IDENTIFIER=AMD64 Family 21 Model 48 Stepping 1, AuthenticAMD



---------------  S Y S T E M  ---------------

OS: Windows 10.0 , 64 bit Build 17134 (10.0.17134.753)

CPU:total 4 (initial active 4) (4 cores per cpu, 1 threads per core) family 21 model 48 stepping 1, cmov, cx8, fxsr, mmx, sse, sse2, sse3, ssse3, sse4.1, sse4.2, popcnt, avx, aes, clmul, mmxext, 3dnowpref, lzcnt, sse4a, tsc, tscinvbit, tscinv, bmi1

Memory: 4k page, physical 7290508k(1175448k free), swap 10362508k(6048k free)

vm_info: OpenJDK 64-Bit Server VM (25.152-b01) for windows-amd64 JRE (1.8.0_152-release-1343-b01), built by "builder" with MS VC++ 10.0 (VS2010)

time: Mon Jun 03 11:12:21 2019
elapsed time: 1527 seconds (0d 0h 25m 27s)

