JvmtiExport can_access_local_variables 0
JvmtiExport can_hotswap_or_post_breakpoint 0
JvmtiExport can_post_on_exceptions 0
# 542 ciObject found
ciMethod java/lang/Object <init> ()V 4097 1 137614 0 0
ciMethod java/lang/Object hashCode ()I 2049 1 256 0 -1
ciMethod java/lang/Object equals (Ljava/lang/Object;)Z 2057 1 3573 0 -1
ciMethod java/lang/Object clone ()Ljava/lang/Object; 2049 1 256 0 -1
ciMethod java/lang/String <init> ([CII)V 2057 1 5412 0 672
ciMethod java/lang/String <init> ([BIILjava/lang/String;)V 3185 1 1141 0 -1
ciMethod java/lang/String <init> ([CZ)V 2049 1 10185 0 64
ciMethod java/lang/String length ()I 4097 1 111447 0 64
ciMethod java/lang/String charAt (I)C 4097 1 849406 0 -1
ciMethod java/lang/String codePointAt (I)I 881 1 4380 0 -1
ciMethod java/lang/String getChars ([CI)V 2049 1 5385 0 0
ciMethod java/lang/String equals (Ljava/lang/Object;)Z 2073 10921 7822 0 -1
ciMethod java/lang/String equalsIgnoreCase (Ljava/lang/String;)Z 2081 1 5427 0 1472
ciMethod java/lang/String regionMatches (ZILjava/lang/String;II)Z 1689 625 3610 0 0
ciMethod java/lang/String startsWith (Ljava/lang/String;)Z 2105 1 13626 0 -1
ciMethod java/lang/String hashCode ()I 2673 32769 1034 0 288
ciMethod java/lang/String indexOf (I)I 2065 1 127153 0 -1
ciMethod java/lang/String indexOf (II)I 1105 41529 785 0 -1
ciMethod java/lang/String indexOfSupplementary (II)I 0 0 1 0 -1
ciMethod java/lang/String lastIndexOf (I)I 2057 1 12710 0 288
ciMethod java/lang/String lastIndexOf (II)I 881 49585 935 0 288
ciMethod java/lang/String lastIndexOfSupplementary (II)I 0 0 1 0 -1
ciMethod java/lang/String substring (II)Ljava/lang/String; 2065 1 5428 0 896
ciMethod java/lang/String concat (Ljava/lang/String;)Ljava/lang/String; 2049 1 5385 0 800
ciMethod java/lang/String replace (CC)Ljava/lang/String; 969 49193 833 0 1152
ciMethod java/lang/String toUpperCase (Ljava/util/Locale;)Ljava/lang/String; 1169 29305 896 0 2272
ciMethod java/lang/ClassLoader preDefineClass (Ljava/lang/String;Ljava/security/ProtectionDomain;)Ljava/security/ProtectionDomain; 3225 1 1856 0 -1
ciMethod java/lang/ClassLoader defineClassSourceLocation (Ljava/security/ProtectionDomain;)Ljava/lang/String; 3225 1 1857 0 -1
ciMethod java/lang/ClassLoader postDefineClass (Ljava/lang/Class;Ljava/security/ProtectionDomain;)V 2049 1 1857 0 -1
ciMethod java/lang/ClassLoader defineClass (Ljava/lang/String;[BIILjava/security/ProtectionDomain;)Ljava/lang/Class; 2185 1 1799 0 -1
ciMethod java/lang/ClassLoader defineClass1 (Ljava/lang/String;[BIILjava/security/ProtectionDomain;Ljava/lang/String;)Ljava/lang/Class; 4105 1 513 0 -1
ciMethod java/lang/ClassLoader checkName (Ljava/lang/String;)Z 2057 1 5400 0 -1
ciMethod java/lang/ClassLoader checkCerts (Ljava/lang/String;Ljava/security/CodeSource;)V 4097 1 1857 0 -1
ciMethod java/lang/ClassLoader definePackage (Ljava/lang/String;Ljava/lang/String;Ljava/lang/String;Ljava/lang/String;Ljava/lang/String;Ljava/lang/String;Ljava/lang/String;Ljava/net/URL;)Ljava/lang/Package; 969 1 300 0 0
ciMethod java/lang/ClassLoader getPackage (Ljava/lang/String;)Ljava/lang/Package; 2089 1 3400 0 0
ciMethod java/lang/System nanoTime ()J 2049 1 256 0 -1
ciMethod java/lang/System arraycopy (Ljava/lang/Object;ILjava/lang/Object;II)V 6145 1 768 0 -1
ciMethod java/lang/Throwable addSuppressed (Ljava/lang/Throwable;)V 0 0 1 0 0
ciMethod java/security/ProtectionDomain <init> (Ljava/security/CodeSource;Ljava/security/PermissionCollection;Ljava/lang/ClassLoader;[Ljava/security/Principal;)V 225 1 106 0 -1
ciMethod java/security/ProtectionDomain getCodeSource ()Ljava/security/CodeSource; 1097 1 137 0 -1
ciMethod java/security/SecureClassLoader defineClass (Ljava/lang/String;[BIILjava/security/CodeSource;)Ljava/lang/Class; 2185 1 1788 0 0
ciMethod java/security/SecureClassLoader defineClass (Ljava/lang/String;Ljava/nio/ByteBuffer;Ljava/security/CodeSource;)Ljava/lang/Class; 0 0 1 0 -1
ciMethod java/security/SecureClassLoader getPermissions (Ljava/security/CodeSource;)Ljava/security/PermissionCollection; 553 1 68 0 -1
ciMethod java/security/SecureClassLoader getProtectionDomain (Ljava/security/CodeSource;)Ljava/security/ProtectionDomain; 2185 1 1799 0 -1
ciMethod java/lang/NoClassDefFoundError <init> (Ljava/lang/String;)V 9 1 1 0 -1
ciMethod java/lang/ref/Reference get ()Ljava/lang/Object; 2057 1 257 0 -1
ciMethod java/lang/ref/Reference <init> (Ljava/lang/Object;)V 2065 1 2704 0 0
ciMethod java/lang/ref/Reference <init> (Ljava/lang/Object;Ljava/lang/ref/ReferenceQueue;)V 2049 1 10984 0 96
ciMethod java/lang/ref/SoftReference <init> (Ljava/lang/Object;)V 2057 1 1191 0 0
ciMethod java/lang/ref/SoftReference get ()Ljava/lang/Object; 2049 1 4848 0 0
ciMethod java/lang/Thread currentThread ()Ljava/lang/Thread; 2049 1 256 0 -1
ciMethod java/lang/Thread interrupt ()V 0 0 1 0 -1
ciMethod java/lang/Thread interrupted ()Z 3209 1 2150 0 -1
ciMethod java/util/Map get (Ljava/lang/Object;)Ljava/lang/Object; 0 0 1 0 -1
ciMethod java/util/Map put (Ljava/lang/Object;Ljava/lang/Object;)Ljava/lang/Object; 0 0 1 0 -1
ciMethod java/util/Hashtable <init> (IF)V 2057 1 590 0 0
ciMethod java/util/Hashtable <init> (I)V 1201 1 148 0 0
ciMethod java/util/Hashtable <init> ()V 2049 1 442 0 0
ciMethod java/util/Dictionary <init> ()V 2057 1 590 0 0
ciMethod java/lang/StringBuilder <init> ()V 721 1 7237 0 -1
ciMethod java/lang/StringBuilder append (Ljava/lang/Object;)Ljava/lang/StringBuilder; 817 1 420 0 -1
ciMethod java/lang/StringBuilder append (Ljava/lang/String;)Ljava/lang/StringBuilder; 1409 1 11768 0 -1
ciMethod java/lang/StringBuilder append (I)Ljava/lang/StringBuilder; 1 1 404 0 -1
ciMethod java/lang/StringBuilder append (F)Ljava/lang/StringBuilder; 0 0 1 0 -1
ciMethod java/lang/StringBuilder toString ()Ljava/lang/String; 777 1 9086 0 -1
ciMethod java/io/ByteArrayInputStream <init> ([B)V 193 1 150 0 0
ciMethod java/io/InputStream <init> ()V 2049 1 5193 0 0
ciMethod java/io/InputStream read ([BII)I 9 1449 1 0 -1
ciMethod java/io/InputStream close ()V 0 0 1 0 -1
ciMethod java/net/URLClassLoader getAndVerifyPackage (Ljava/lang/String;Ljava/util/jar/Manifest;Ljava/net/URL;)Ljava/lang/Package; 3097 1 1788 0 0
ciMethod java/net/URLClassLoader definePackageInternal (Ljava/lang/String;Ljava/util/jar/Manifest;Ljava/net/URL;)V 2169 1 1788 0 0
ciMethod java/net/URLClassLoader defineClass (Ljava/lang/String;Lsun/misc/Resource;)Ljava/lang/Class; 1145 1 1788 0 0
ciMethod java/net/URLClassLoader definePackage (Ljava/lang/String;Ljava/util/jar/Manifest;Ljava/net/URL;)Ljava/lang/Package; 969 1 300 0 0
ciMethod java/net/URLClassLoader isSealed (Ljava/lang/String;Ljava/util/jar/Manifest;)Z 2049 1 1489 0 0
ciMethod java/net/URLClassLoader access$000 (Ljava/net/URLClassLoader;)Lsun/misc/URLClassPath; 1033 1 129 0 0
ciMethod java/net/URLClassLoader access$100 (Ljava/net/URLClassLoader;Ljava/lang/String;Lsun/misc/Resource;)Ljava/lang/Class; 1145 1 1786 0 0
ciMethod java/net/URL getRef ()Ljava/lang/String; 1081 1 135 0 -1
ciMethod java/net/URL equals (Ljava/lang/Object;)Z 2081 1 1790 0 -1
ciMethod java/util/jar/Manifest <init> (Ljava/io/InputStream;)V 193 1 147 0 0
ciMethod java/util/jar/Manifest getMainAttributes ()Ljava/util/jar/Attributes; 1025 1 128 0 0
ciMethod java/util/jar/Manifest getEntries ()Ljava/util/Map; 1033 1 129 0 0
ciMethod java/util/jar/Manifest getAttributes (Ljava/lang/String;)Ljava/util/jar/Attributes; 2897 1 1901 0 0
ciMethod java/util/jar/Manifest read (Ljava/io/InputStream;)V 193 1 149 0 -1
ciMethod java/util/jar/Manifest parseName ([BI)Ljava/lang/String; 401 1 49 0 -1
ciMethod java/security/CodeSource <init> (Ljava/net/URL;[Ljava/security/CodeSigner;)V 2177 1 1788 0 0
ciMethod java/lang/Character charCount (I)I 1185 1 7599 0 -1
ciMethod java/lang/Character toChars (I[CI)I 0 0 1 0 -1
ciMethod java/lang/Character toChars (I)[C 0 0 1 0 -1
ciMethod java/lang/Character toLowerCase (C)C 2057 1 12471 0 0
ciMethod java/lang/Character toLowerCase (I)I 4097 1 88875 0 0
ciMethod java/lang/Character toUpperCase (C)C 2049 1 11497 0 0
ciMethod java/lang/Character toUpperCase (I)I 2049 1 11497 0 0
ciMethod java/lang/Character toUpperCaseEx (I)I 2049 1 30465 0 -1
ciMethod java/lang/Character toUpperCaseCharArray (I)[C 0 0 1 0 -1
ciMethod java/lang/Float isNaN (F)Z 2057 1 2420 0 0
ciMethod java/lang/Float floatToRawIntBits (F)I 9 1 1 0 -1
ciMethod java/lang/NullPointerException <init> (Ljava/lang/String;)V 0 0 1 0 -1
ciMethod java/util/Comparator compare (Ljava/lang/Object;Ljava/lang/Object;)I 0 0 1 0 -1
ciMethod java/security/AccessController doPrivileged (Ljava/security/PrivilegedAction;)Ljava/lang/Object; 2049 1 256 0 -1
ciMethod java/util/List add (Ljava/lang/Object;)Z 0 0 1 0 -1
ciMethod java/util/AbstractList <init> ()V 2081 1 5634 0 0
ciMethod java/util/AbstractCollection <init> ()V 425 1 8411 0 32
ciMethod java/util/ArrayList <init> (I)V 2081 1 891 0 -1
ciMethod java/util/ArrayList <init> ()V 1289 1 2621 0 0
ciMethod java/util/ArrayList get (I)Ljava/lang/Object; 1921 1 6479 0 -1
ciMethod java/util/AbstractMap <init> ()V 553 1 3233 0 0
ciMethod java/util/HashMap hash (Ljava/lang/Object;)I 2089 1 20193 0 0
ciMethod java/util/HashMap tableSizeFor (I)I 3105 1 1310 0 -1
ciMethod java/util/HashMap <init> (IF)V 2345 1 1306 0 0
ciMethod java/util/HashMap <init> (I)V 1241 1 723 0 0
ciMethod java/util/HashMap <init> ()V 201 1 1256 0 0
ciMethod java/util/HashMap get (Ljava/lang/Object;)Ljava/lang/Object; 2049 1 11592 0 576
ciMethod java/util/HashMap getNode (ILjava/lang/Object;)Ljava/util/HashMap$Node; 2065 1 5448 0 544
ciMethod java/util/HashMap put (Ljava/lang/Object;Ljava/lang/Object;)Ljava/lang/Object; 1201 1 6352 0 224
ciMethod java/util/HashMap putVal (ILjava/lang/Object;Ljava/lang/Object;ZZ)Ljava/lang/Object; 1225 17 5632 0 1312
ciMethod java/util/HashMap resize ()[Ljava/util/HashMap$Node; 505 361 1696 0 -1
ciMethod java/util/HashMap treeifyBin ([Ljava/util/HashMap$Node;I)V 0 0 1 0 -1
ciMethod java/util/HashMap newNode (ILjava/lang/Object;Ljava/lang/Object;Ljava/util/HashMap$Node;)Ljava/util/HashMap$Node; 2081 1 5393 0 192
ciMethod java/util/HashMap afterNodeAccess (Ljava/util/HashMap$Node;)V 2057 1 1147 0 0
ciMethod java/util/HashMap afterNodeInsertion (Z)V 2081 1 1306 0 0
ciMethod java/util/HashMap$Node <init> (ILjava/lang/Object;Ljava/lang/Object;Ljava/util/HashMap$Node;)V 2225 1 14300 0 0
ciMethod sun/misc/VM allowArraySyntax ()Z 2065 1 5400 0 -1
ciMethod java/lang/Math max (II)I 633 1 49677 0 -1
ciMethod java/lang/Math min (II)I 2993 1 40558 0 -1
ciMethod java/lang/Math min (FF)F 2089 1 617 0 0
ciMethod java/util/Arrays copyOf ([BI)[B 3073 1 10025 0 -1
ciMethod java/util/Arrays copyOf ([CI)[C 913 1 14753 0 0
ciMethod java/util/Arrays copyOfRange ([CII)[C 2129 1 5430 0 448
ciMethodData java/lang/Package <init> (Ljava/lang/String;Ljava/lang/String;Ljava/lang/String;Ljava/lang/String;Ljava/lang/String;Ljava/lang/String;Ljava/lang/String;Ljava/net/URL;Ljava/lang/ClassLoader;)V 1 305 orig 264 56 173 29 85 0 0 0 0 48 60 19 22 0 0 0 0 120 1 0 0 0 0 0 0 0 0 0 0 0 0 0 0 0 0 0 0 0 0 0 0 0 0 0 0 0 0 0 0 0 0 0 0 0 0 0 0 0 0 0 0 0 0 0 0 0 0 0 0 0 0 0 0 0 0 0 0 0 0 0 0 77 68 79 32 101 120 116 114 97 32 100 97 116 97 32 108 111 99 107 0 0 0 0 0 0 0 0 0 0 0 0 0 0 0 0 0 0 0 0 0 0 0 0 0 0 0 0 0 0 0 0 0 0 0 0 0 0 0 0 0 0 0 0 0 0 0 0 0 0 0 0 0 0 0 0 0 0 0 0 0 0 0 0 0 0 0 0 0 0 0 0 0 0 0 0 0 0 0 0 0 0 0 0 0 0 0 0 0 0 0 0 0 0 0 0 0 0 0 0 0 0 0 0 0 0 0 0 0 0 0 0 0 0 0 0 0 249 0 0 0 193 1 0 0 1 0 0 0 0 0 0 0 0 0 0 0 2 0 0 0 0 0 0 0 0 0 0 0 16 0 0 0 255 255 255 255 2 0 1 0 0 0 0 0 data 2 0x10002 0x38 oops 0
ciMethod sun/misc/ASCIICaseInsensitiveComparator compare (Ljava/lang/String;Ljava/lang/String;)I 4097 6513 12930 0 -1
ciMethod sun/misc/ASCIICaseInsensitiveComparator lowerCaseHashCode (Ljava/lang/String;)I 577 9889 1079 0 640
ciMethod sun/misc/ASCIICaseInsensitiveComparator toLower (I)I 4097 1 41562 0 -1
ciMethod sun/misc/ASCIICaseInsensitiveComparator compare (Ljava/lang/Object;Ljava/lang/Object;)I 4097 1 13275 0 928
ciMethodData java/lang/String charAt (I)C 2 850251 orig 264 56 173 29 85 0 0 0 0 176 61 238 21 0 0 0 0 120 1 0 0 32 0 0 0 0 0 0 0 0 0 0 0 0 0 0 0 0 0 0 0 0 0 0 0 0 0 0 0 0 0 0 0 0 0 0 0 0 0 0 0 0 0 0 0 0 0 0 0 0 0 0 0 0 0 0 0 0 0 0 0 77 68 79 32 101 120 116 114 97 32 100 97 116 97 32 108 111 99 107 0 0 0 0 0 0 0 0 0 0 0 0 0 0 0 0 0 0 0 0 0 0 0 0 0 0 0 0 0 0 0 0 0 0 0 0 0 0 0 0 0 0 0 0 0 0 0 0 0 0 0 0 0 0 0 0 0 0 0 0 0 0 0 0 0 0 0 0 0 0 0 0 0 0 0 0 0 0 0 0 0 0 0 0 0 0 0 0 0 0 0 0 0 0 0 0 0 0 0 0 0 0 0 0 0 0 0 0 0 0 0 0 0 0 0 0 0 0 2 0 0 89 186 103 0 1 0 0 0 0 0 0 0 0 0 0 0 2 0 0 0 0 0 0 0 0 0 0 0 80 0 0 0 255 255 255 255 7 0 1 0 0 0 0 0 data 10 0x10007 0x0 0x40 0xcf74b 0xa0007 0xcf74b 0x30 0x0 0x120002 0x0 oops 0
ciMethodData java/lang/String length ()I 2 111447 orig 264 56 173 29 85 0 0 0 0 96 60 238 21 0 0 0 0 32 1 0 0 0 0 0 0 0 0 0 0 0 0 0 0 0 0 0 0 0 0 0 0 0 0 0 0 0 0 0 0 0 0 0 0 0 0 0 0 0 0 0 0 0 0 0 0 0 0 0 0 0 0 0 0 0 0 0 0 0 0 0 0 77 68 79 32 101 120 116 114 97 32 100 97 116 97 32 108 111 99 107 0 0 0 0 0 0 0 0 0 0 0 0 0 0 0 0 0 0 0 0 0 0 0 0 0 0 0 0 0 0 0 0 0 0 0 0 0 0 0 0 0 0 0 0 0 0 0 0 0 0 0 0 0 0 0 0 0 0 0 0 0 0 0 0 0 0 0 0 0 0 0 0 0 0 0 0 0 0 0 0 0 0 0 0 0 0 0 0 0 0 0 0 0 0 0 0 0 0 0 0 0 0 0 0 0 0 0 0 0 0 0 0 0 0 0 0 0 0 2 0 0 185 138 13 0 1 0 0 0 0 0 0 0 0 0 0 0 2 0 0 0 0 0 0 0 0 0 0 0 0 0 0 0 255 255 255 255 0 0 0 0 0 0 0 0 data 0 oops 0
ciMethodData sun/misc/ASCIICaseInsensitiveComparator compare (Ljava/lang/Object;Ljava/lang/Object;)I 2 13287 orig 264 56 173 29 85 0 0 0 0 88 44 1 22 0 0 0 0 232 1 0 0 0 0 0 0 0 0 0 0 0 0 0 0 0 0 0 0 0 0 0 0 0 0 0 0 0 0 0 0 0 0 0 0 0 0 0 0 0 0 0 0 0 0 0 0 0 0 0 0 0 0 0 0 0 0 0 0 0 0 0 0 77 68 79 32 101 120 116 114 97 32 100 97 116 97 32 108 111 99 107 0 0 0 0 0 0 0 0 0 0 0 0 0 0 0 0 0 0 0 0 0 0 0 0 0 0 0 0 0 0 0 0 0 0 0 0 0 0 0 0 0 0 0 0 0 0 0 0 0 0 0 0 0 0 0 0 0 0 0 0 0 0 0 0 0 0 0 0 0 0 0 0 0 0 0 0 0 0 0 0 0 0 0 0 0 0 0 0 0 0 0 0 0 0 0 0 0 0 0 0 0 0 0 0 0 0 0 0 0 0 0 0 0 0 0 0 0 0 2 0 0 57 143 1 0 1 0 0 0 0 0 0 0 0 0 0 0 2 0 0 0 0 0 0 0 0 0 0 0 144 0 0 0 255 255 255 255 4 0 2 0 0 0 0 0 data 18 0x20004 0x0 0x2eea680 0x3082 0x0 0x0 0x60004 0x0 0x2eea680 0x3082 0x0 0x0 0x90005 0x0 0x19b23220 0x31e7 0x0 0x0 oops 3